Case #1: BACDEFGHIJKLMNOPQRSTUVWXYZ
Case #2: IMPOSSIBLE
Case #3: BACDEFGHIJKLMNOPQRSTUVWXYZ
Case #4: KXCDEFGHIJALMNOPQRSTUVWBYZ
Case #5: WVCDEFGHIJKLMNOPQRSTUBAXYZ
Case #6: WZCDEFGHIJKLMNOPQRSTUVAXYB
Case #7: LYCDEFGHIJKAMNOPQRSTUVWXBZ
Case #8: XWCDEFGHIJKLMNOPQRSTUVBAYZ
Case #9: DWCAEFGHIJKLMNOPQRSTUVBXYZ
Case #10: LECDBFGHIJKAMNOPQRSTUVWXYZ
Case #11: MWCDEFGHIJKLANOPQRSTUVBXYZ
Case #12: DVCAEFGHIJKLMNOPQRSTUBWXYZ
Case #13: WMCDEFGHIJKLBNOPQRSTUVAXYZ
Case #14: WGCDEFBHIJKLMNOPQRSTUVAXYZ
Case #15: MICDEFGHBJKLANOPQRSTUVWXYZ
Case #16: WDCBEFGHIJKLMNOPQRSTUVAXYZ
Case #17: ZWCDEFGHIJKLMNOPQRSTUVBXYA
Case #18: DQCAEFGHIJKLMNOPBRSTUVWXYZ
Case #19: GKCDEFAHIJBLMNOPQRSTUVWXYZ
Case #20: WBCDEFGHIJKLMNOPQRSTUVAXYZ
Case #21: MACDEFGHIJKLBNOPQRSTUVWXYZ
Case #22: GJCDEFAHIBKLMNOPQRSTUVWXYZ
Case #23: VWCDEFGHIJKLMNOPQRSTUABXYZ
Case #24: UXCDEFGHIJKLMNOPQRSTAVWBYZ
Case #25: DZCAEFGHIJKLMNOPQRSTUVWXYB
Case #26: WKCDEFGHIJBLMNOPQRSTUVAXYZ
Case #27: JWCDEFGHIAKLMNOPQRSTUVBXYZ
Case #28: EWCDAFGHIJKLMNOPQRSTUVBXYZ
Case #29: GWCDEFAHIJKLMNOPQRSTUVBXYZ
Case #30: WLCDEFGHIJKBMNOPQRSTUVAXYZ
Case #31: PYCDEFGHIJKLMNOAQRSTUVWXBZ
Case #32: WUCDEFGHIJKLMNOPQRSTBVAXYZ
Case #33: IUCDEFGHAJKLMNOPQRSTBVWXYZ
Case #34: JZCDEFGHIAKLMNOPQRSTUVWXYB
Case #35: KWCDEFGHIJALMNOPQRSTUVBXYZ
Case #36: QECDBFGHIJKLMNOPARSTUVWXYZ
Case #37: WPCDEFGHIJKLMNOBQRSTUVAXYZ
Case #38: FWCDEAGHIJKLMNOPQRSTUVBXYZ
Case #39: IWCDEFGHAJKLMNOPQRSTUVBXYZ
Case #40: NWCDEFGHIJKLMAOPQRSTUVBXYZ
Case #41: YRCDEFGHIJKLMNOPQBSTUVWXAZ
Case #42: CWADEFGHIJKLMNOPQRSTUVBXYZ
Case #43: TSCDEFGHIJKLMNOPQRBAUVWXYZ
Case #44: SWCDEFGHIJKLMNOPQRATUVBXYZ
Case #45: PWCDEFGHIJKLMNOAQRSTUVBXYZ
Case #46: WQCDEFGHIJKLMNOPBRSTUVAXYZ
Case #47: UWCDEFGHIJKLMNOPQRSTAVBXYZ
Case #48: OWCDEFGHIJKLMNAPQRSTUVBXYZ
Case #49: NPCDEFGHIJKLMAOBQRSTUVWXYZ
Case #50: TWCDEFGHIJKLMNOPQRSAUVBXYZ
Case #51: WFCDEBGHIJKLMNOPQRSTUVAXYZ
Case #52: RTCDEFGHIJKLMNOPQASBUVWXYZ
Case #53: CXADEFGHIJKLMNOPQRSTUVWBYZ
Case #54: AWCDEFGHIJKLMNOPQRSTUVBXYZ
Case #55: QDCBEFGHIJKLMNOPARSTUVWXYZ
Case #56: WNCDEFGHIJKLMBOPQRSTUVAXYZ
Case #57: QSCDEFGHIJKLMNOPARBTUVWXYZ
Case #58: WYCDEFGHIJKLMNOPQRSTUVAXBZ
Case #59: NTCDEFGHIJKLMAOPQRSBUVWXYZ
Case #60: XQCDEFGHIJKLMNOPBRSTUVWAYZ
Case #61: WCBDEFGHIJKLMNOPQRSTUVAXYZ
Case #62: NDCBEFGHIJKLMAOPQRSTUVWXYZ
Case #63: WECDBFGHIJKLMNOPQRSTUVAXYZ
Case #64: WXCDEFGHIJKLMNOPQRSTUVABYZ
Case #65: NCBDEFGHIJKLMAOPQRSTUVWXYZ
Case #66: WACDEFGHIJKLMNOPQRSTUVBXYZ
Case #67: AWCDEFGHIJKLMNOPQRSTUVBXYZ
Case #68: DHCAEFGBIJKLMNOPQRSTUVWXYZ
Case #69: OICDEFGHBJKLMNAPQRSTUVWXYZ
Case #70: WJCDEFGHIBKLMNOPQRSTUVAXYZ
Case #71: SICDEFGHBJKLMNOPQRATUVWXYZ
Case #72: HACDEFGBIJKLMNOPQRSTUVWXYZ
Case #73: HTCDEFGAIJKLMNOPQRSBUVWXYZ
Case #74: RWCDEFGHIJKLMNOPQASTUVBXYZ
Case #75: LNCDEFGHIJKAMBOPQRSTUVWXYZ
Case #76: WRCDEFGHIJKLMNOPQBSTUVAXYZ
Case #77: WOCDEFGHIJKLMNBPQRSTUVAXYZ
Case #78: EJCDAFGHIBKLMNOPQRSTUVWXYZ
Case #79: WHCDEFGBIJKLMNOPQRSTUVAXYZ
Case #80: WICDEFGHBJKLMNOPQRSTUVAXYZ
Case #81: WSCDEFGHIJKLMNOPQRBTUVAXYZ
Case #82: GOCDEFAHIJKLMNBPQRSTUVWXYZ
Case #83: ZSCDEFGHIJKLMNOPQRBTUVWXYA
Case #84: YWCDEFGHIJKLMNOPQRSTUVBXAZ
Case #85: HWCDEFGAIJKLMNOPQRSTUVBXYZ
Case #86: GECDBFAHIJKLMNOPQRSTUVWXYZ
Case #87: BACDEFGHIJKLMNOPQRSTUVWXYZ
Case #88: IMCDEFGHAJKLBNOPQRSTUVWXYZ
Case #89: QWCDEFGHIJKLMNOPARSTUVBXYZ
Case #90: WTCDEFGHIJKLMNOPQRSBUVAXYZ
Case #91: LWCDEFGHIJKAMNOPQRSTUVBXYZ
Case #92: AECDBFGHIJKLMNOPQRSTUVWXYZ
Case #93: BACDEFGHIJKLMNOPQRSTUVWXYZ
Case #94: IMPOSSIBLE
Case #95: IMPOSSIBLE
Case #96: HUCDEFGAIJKLMNOPQRSTBVWXYZ
Case #97: WACDEFGHIJKLMNOPQRSTUVBXYZ
Case #98: KNCDEFGHIJALMBOPQRSTUVWXYZ
Case #99: RWCDEFGHIJKLMNOPQASTUVBXYZ
Case #100: JDCBEFGHIAKLMNOPQRSTUVWXYZ
