Case #1: BACDEFGHIJKLMNOPQRSTUVWXYZ
Case #2: IMPOSSIBLE
Case #3: BACDEFGHIJKLMNOPQRSTUVWXYZ
Case #4: IMPOSSIBLE
Case #5: HSCDEFGAIJKLMNOPQRBTUVWXYZ
Case #6: LACDEFGHIJKBMNOPQRSTUVWXYZ
Case #7: ZSCDEFGHIJKLMNOPQRBTUVWXYA
Case #8: SCBDEFGHIJKLMNOPQRATUVWXYZ
Case #9: XSCDEFGHIJKLMNOPQRBTUVWAYZ
Case #10: SXCDEFGHIJKLMNOPQRATUVWBYZ
Case #11: BACDEFGHIJKLMNOPQRSTUVWXYZ
Case #12: KSCDEFGHIJALMNOPQRBTUVWXYZ
Case #13: LSCDEFGHIJKAMNOPQRBTUVWXYZ
Case #14: DECABFGHIJKLMNOPQRSTUVWXYZ
Case #15: SUCDEFGHIJKLMNOPQRATBVWXYZ
Case #16: SHCDEFGBIJKLMNOPQRATUVWXYZ
Case #17: PJCDEFGHIBKLMNOAQRSTUVWXYZ
Case #18: SKCDEFGHIJBLMNOPQRATUVWXYZ
Case #19: SACDEFGHIJKLMNOPQRBTUVWXYZ
Case #20: LOCDEFGHIJKAMNBPQRSTUVWXYZ
Case #21: FLCDEAGHIJKBMNOPQRSTUVWXYZ
Case #22: SRCDEFGHIJKLMNOPQBATUVWXYZ
Case #23: FPCDEAGHIJKLMNOBQRSTUVWXYZ
Case #24: ESCDAFGHIJKLMNOPQRBTUVWXYZ
Case #25: ZDCBEFGHIJKLMNOPQRSTUVWXYA
Case #26: SVCDEFGHIJKLMNOPQRATUBWXYZ
Case #27: MICDEFGHBJKLANOPQRSTUVWXYZ
Case #28: HACDEFGBIJKLMNOPQRSTUVWXYZ
Case #29: SPCDEFGHIJKLMNOBQRATUVWXYZ
Case #30: SACDEFGHIJKLMNOPQRBTUVWXYZ
Case #31: MSCDEFGHIJKLANOPQRBTUVWXYZ
Case #32: STCDEFGHIJKLMNOPQRABUVWXYZ
Case #33: GLCDEFAHIJKBMNOPQRSTUVWXYZ
Case #34: SOCDEFGHIJKLMNBPQRATUVWXYZ
Case #35: UCBDEFGHIJKLMNOPQRSTAVWXYZ
Case #36: OYCDEFGHIJKLMNAPQRSTUVWXBZ
Case #37: RKCDEFGHIJBLMNOPQASTUVWXYZ
Case #38: OZCDEFGHIJKLMNAPQRSTUVWXYB
Case #39: HLCDEFGAIJKBMNOPQRSTUVWXYZ
Case #40: VSCDEFGHIJKLMNOPQRBTUAWXYZ
Case #41: MZCDEFGHIJKLANOPQRSTUVWXYB
Case #42: QCBDEFGHIJKLMNOPARSTUVWXYZ
Case #43: SZCDEFGHIJKLMNOPQRATUVWXYB
Case #44: JSCDEFGHIAKLMNOPQRBTUVWXYZ
Case #45: PSCDEFGHIJKLMNOAQRBTUVWXYZ
Case #46: USCDEFGHIJKLMNOPQRBTAVWXYZ
Case #47: IRCDEFGHAJKLMNOPQBSTUVWXYZ
Case #48: SQCDEFGHIJKLMNOPBRATUVWXYZ
Case #49: SBCDEFGHIJKLMNOPQRATUVWXYZ
Case #50: ZXCDEFGHIJKLMNOPQRSTUVWBYA
Case #51: FSCDEAGHIJKLMNOPQRBTUVWXYZ
Case #52: EACDBFGHIJKLMNOPQRSTUVWXYZ
Case #53: ISCDEFGHAJKLMNOPQRBTUVWXYZ
Case #54: NJCDEFGHIBKLMAOPQRSTUVWXYZ
Case #55: NSCDEFGHIJKLMAOPQRBTUVWXYZ
Case #56: SJCDEFGHIBKLMNOPQRATUVWXYZ
Case #57: SDCBEFGHIJKLMNOPQRATUVWXYZ
Case #58: TSCDEFGHIJKLMNOPQRBAUVWXYZ
Case #59: WUCDEFGHIJKLMNOPQRSTBVAXYZ
Case #60: SLCDEFGHIJKBMNOPQRATUVWXYZ
Case #61: ZACDEFGHIJKLMNOPQRSTUVWXYB
Case #62: TYCDEFGHIJKLMNOPQRSAUVWXBZ
Case #63: YFCDEBGHIJKLMNOPQRSTUVWXAZ
Case #64: YSCDEFGHIJKLMNOPQRBTUVWXAZ
Case #65: ADCBEFGHIJKLMNOPQRSTUVWXYZ
Case #66: SNCDEFGHIJKLMBOPQRATUVWXYZ
Case #67: SRCDEFGHIJKLMNOPQBATUVWXYZ
Case #68: IYCDEFGHAJKLMNOPQRSTUVWXBZ
Case #69: NOCDEFGHIJKLMABPQRSTUVWXYZ
Case #70: PYCDEFGHIJKLMNOAQRSTUVWXBZ
Case #71: GSCDEFAHIJKLMNOPQRBTUVWXYZ
Case #72: UACDEFGHIJKLMNOPQRSTBVWXYZ
Case #73: PVCDEFGHIJKLMNOAQRSTUBWXYZ
Case #74: HDCBEFGAIJKLMNOPQRSTUVWXYZ
Case #75: PJCDEFGHIBKLMNOAQRSTUVWXYZ
Case #76: SMCDEFGHIJKLBNOPQRATUVWXYZ
Case #77: WSCDEFGHIJKLMNOPQRBTUVAXYZ
Case #78: FBCDEAGHIJKLMNOPQRSTUVWXYZ
Case #79: SWCDEFGHIJKLMNOPQRATUVBXYZ
Case #80: DSCAEFGHIJKLMNOPQRBTUVWXYZ
Case #81: ASCDEFGHIJKLMNOPQRBTUVWXYZ
Case #82: ISCDEFGHAJKLMNOPQRBTUVWXYZ
Case #83: YTCDEFGHIJKLMNOPQRSBUVWXAZ
Case #84: QSCDEFGHIJKLMNOPARBTUVWXYZ
Case #85: IMPOSSIBLE
Case #86: SGCDEFBHIJKLMNOPQRATUVWXYZ
Case #87: BACDEFGHIJKLMNOPQRSTUVWXYZ
Case #88: CSADEFGHIJKLMNOPQRBTUVWXYZ
Case #89: SFCDEBGHIJKLMNOPQRATUVWXYZ
Case #90: SYCDEFGHIJKLMNOPQRATUVWXBZ
Case #91: QLCDEFGHIJKBMNOPARSTUVWXYZ
Case #92: FECDBAGHIJKLMNOPQRSTUVWXYZ
Case #93: ASCDEFGHIJKLMNOPQRBTUVWXYZ
Case #94: GZCDEFAHIJKLMNOPQRSTUVWXYB
Case #95: MICDEFGHBJKLANOPQRSTUVWXYZ
Case #96: OSCDEFGHIJKLMNAPQRBTUVWXYZ
Case #97: RSCDEFGHIJKLMNOPQABTUVWXYZ
Case #98: SECDBFGHIJKLMNOPQRATUVWXYZ
Case #99: TZCDEFGHIJKLMNOPQRSAUVWXYB
Case #100: SICDEFGHBJKLMNOPQRATUVWXYZ
