Case #1: BACDEFGHIJKLMNOPQRSTUVWXYZ
Case #2: IMPOSSIBLE
Case #3: BACDEFGHIJKLMNOPQRSTUVWXYZ
Case #4: KJYDEFXHILMOCNGPQRSTUVWBAZ
Case #5: MNCDEFGHIJKLZYOPQRSTUVWXAB
Case #6: IMPOSSIBLE
Case #7: NUCDEFGHIJKLMSOPQRBTAVWXYZ
Case #8: IETPBLAWFMHGJNODURKYQVSXCZ
Case #9: CMQPJKHARNWOZLXTIFYBGSVDEU
Case #10: IPXOLUAHJTSFDENQYWRKZVCGMB
Case #11: KXDPAIVHEFZLMRWQGSOUCJTNYB
Case #12: TGVIKBJFHONAZQSWDMPRULECYX
Case #13: JITHKURAWVMZGFLSCNPQBODYXE
Case #14: NRXFBSDVYLAEOJQKWMZHUTIGCP
Case #15: VBSLYMUGHIANFWKOZQPECRTJXD
Case #16: TLQKAIZCOPUMWYSBRHDFGENXJV
Case #17: SHJWGZVIYOLCMDTFRPNQEKBAXU
Case #18: HVKIRBWOENFXCLJDQUMSGYATPZ
Case #19: TJCGSYRFAMKUDNEBVQWOXLIHPZ
Case #20: SACGEQDWJBTOXUZPYLNKHMIVFR
Case #21: BFUAKNQZWJCLDMTRXGPYVOEIHS
Case #22: XGYKZFBROWLVISMCPTNAQEUJDH
Case #23: GNMPWYCJXQISOKBELAFZTHDVRU
Case #24: QCNUMRWHKAIYVJBTSGDFZEPOLX
Case #25: WQACEXRNIFYGSZDLOJTVHMUPBK
Case #26: VRTKQUBPJGYMEWLDFSNCAXZOIH
Case #27: QVESAYLFDUKZMCHPGWBXRTJNIO
Case #28: CADUXFBWGMNVPZOHIREYTSLKJQ
Case #29: FNGUQEZADIHWPMXOBKSVYLRJTC
Case #30: RNFCSBLIEAHPOGTDJWZXYUQKMV
Case #31: GRUHJCVBNMEKSLXOYFWTIQPZAD
Case #32: XYLDKCFHIAEOMNSPWBGTUVZJRQ
Case #33: SHFOXUKYEZRATNQIGVBLJWPDMC
Case #34: FNXWIQOGKTCAYDPHMJBSVREUZL
Case #35: QLODGFUHNEVJMKXCYASIBWTRPZ
Case #36: EKVTGOQZRMYFJXLBWUPADCHSIN
Case #37: DXBZJLSRIAWVQKFOHGPTYCNMUE
Case #38: SFNBZHGIADVJKYOCTWXPUMQLRE
Case #39: NBHDTLQXCWGFEIJKZMUSAVRPOY
Case #40: LUCDJWIYSEZTOVKNHGFQMXBPRA
Case #41: ARIZUMNGLJCVEYFHKPOSQBWTDX
Case #42: GNRHDCZPWEUIAKJLXTBVQYSMOF
Case #43: IMPOSSIBLE
Case #44: UVGSJCNFPZOERMDAHKQLYIWTBX
Case #45: WTAGEFLHIJODUNZPQRMVCYKXBS
Case #46: NWKZRHUJBSFPMTCEODYIXGALVQ
Case #47: WZYNLSFBOVCDPRIQGAJTUMEXKH
Case #48: TLJSMHYQKPCIRFADVZWUBEXGON
Case #49: XWJZGBQYTAHUKPEMNIFORSDVCL
Case #50: QJALDXPWKIZEHSOFNCGBMRUTYV
Case #51: YLHJXAOIGDRQFCZNVUSPBMKTWE
Case #52: THGMEWUXZPOJLDBNRFKSQAICVY
Case #53: LQKOXCIZJFNHETAYVSUGBWDMPR
Case #54: QGHSRAETZODBJYILNPMUWFCXKV
Case #55: EAYFPLUKBNGDMTRVWSOJCIXQZH
Case #56: OGABENPQMWDIKJZUYRTXVLHSCF
Case #57: NDCASFMLYQXPKBTRHWJUVEOGIZ
Case #58: ZNTXAGYBIRPODKVUQEFHJMCSWL
Case #59: GQKTWNFIXYDCZHBMEOSLJRAVPU
Case #60: GLYRZMTJBSVAWKHCOIXQUPFEND
Case #61: IMPOSSIBLE
Case #62: JVBAKTZIPHWFDSOGLQMYXCURNE
Case #63: HAOPMKGEWYTNDIRSCVJBQZLXUF
Case #64: BPIVWSNUYZXLRKOEFDMTJQGHAC
Case #65: PSYXTAMLDUBERCVHOQIJGWKNZF
Case #66: OIPFVKNDTEJRGMHYSQCWALXUBZ
Case #67: ELGAJHIOXZBSQTYCNMDFUKPRWV
Case #68: VIZGEXUKQBTORWCPJFDSALMYHN
Case #69: FWRCYGLHTEJDINKBAQXOMPSZUV
Case #70: CGPEMHWTSNFZQXBLYJVUDOKRAI
Case #71: GDXOSPMINQJWZLTACHEKURBYVF
Case #72: IYWPZBJVFQNCGTSRUAOMLXKEHD
Case #73: QOWELPCVSHUABMZXFIJKYNGDRT
Case #74: EFKIYDULGANRTHSZWBQCXVJOPM
Case #75: YSZMGOHTEIWDRCNQAXJKUPLFBV
Case #76: XUKSDPHBZGQWVIECJLFAOMRNYT
Case #77: SJIHDAKYVWGNFEMLOCZPBTQXUR
Case #78: DHNCTPYIFRJMBSLAOGVUEKXWZQ
Case #79: VQGXFWHEMDTZYCJPIRNLAKSBOU
Case #80: EAHLBFTKWSXQJMNVRDOZIGYPCU
Case #81: PGHYENMZXRJDCQUIATWBKVSLFO
Case #82: JPTNGXVMSWYHDAZFUECBILORQK
Case #83: PIUSKCFJTEMNWXHYBOAVQRZLGD
Case #84: HSRFQNWZAGYOJKDVBMPILCUEXT
Case #85: OEUBSJMCZAVNYKTRQFWGHILDXP
Case #86: IWQBSAJURTZEHCNOKGLDYPFVMX
Case #87: GFPATZMCSOBJYDRXENWUIHKLVQ
Case #88: GBQXAIPZDMKSEUHNVJTLWOCFYR
Case #89: YQWODJGZMXTKFPELICNSHBRUVA
Case #90: TFQGPLIXUDJVBKONAHWSCEMRZY
Case #91: HEDYAFZGOKBJVPTNMLSCXQIWRU
Case #92: WLXRNDOBZUPYEMQAISVKJFCHGT
Case #93: OPETNBILFKZSQAJRVXDUWMGYCH
Case #94: OBZNTLFEKJIPUDMYQXHCASWGRV
Case #95: KIYDTVMOLCXQZHPBURSWNJFAGE
Case #96: WIROKCSPHAEFTZNXLYUMGDBVQJ
Case #97: URGPQVYWBCLXEMDJAOZFKNITSH
Case #98: RHYTVJZEIKBDPFACWOQMUXSLNG
Case #99: VSMTAWBCEUNOLZPKQRXDHGJIFY
Case #100: TNISAXYMZOCEHLJQDUVWGPRKFB
