Case #1:
I/OI/OI/OI/OI/O
O/IO/IO/IO/IO/I
O/IO/IO/IO/IO/I
I/OI/OI/OI/OI/O
I/OI/OI/OI/OI/O
O/IO/IO/IO/IO/I
O/IO/IO/IO/IO/I
I/OI/OI/OI/OI/O
I/OI/OI/OI/OI/O
O/IO/IO/IO/IO/I
O/IO/IO/IO/IO/I
I/OI/OI/OI/OI/O
I/OI/OI/OI/OI/O
O/IO/IO/IO/IO/I
O/IO/IO/IO/IO/I
I/OI/OI/OI/OI/O
I/OI/OI/OI/OI/O
O/IO/IO/IO/IO/I
O/IO/IO/IO/IO/I
I/OI/OI/OI/OI/O
I/OI/OI/OI/OI/O
O/IO/IO/IO/IO/I
O/IO/IO/IO/IO/I
I/OI/OI/OI/OI/O
I/OI/OI/OI/OI/O
O/IO/IO/IO/IO/I
O/IO/IO/IO/IO/I
I/OI/OI/OI/OI/O
I/OI/OI/OI/OI/O
O/IO/IO/IO/IO/I
O/IO/IO/IO/IO/I
I/OI/OI/OI/OI/O
I/OI/OI/OI/OI/O
O/IO/IO/IO/IO/I
O/IO/IO/IO/IO/I
I/OI/OI/OI/OI/O
I/OI/OI/OI/OI/O
O/IO/IO/IO/IO/I
O/IO/IO/IO/IO/I
I/OI/OI/OI/OI/O
I/OI/OI/OI/OI/O
O/IO/IO/IO/IO/I
O/IO/IO/IO/IO/I
I/OI/O/////////
Case #2:
I/OI/OI/OI/OI/O
O/IO/IO/IO/IO/I
O/IO/IO/IO/IO/I
I/OI/OI/OI/OI/O
I/OI/OI/OI/OI/O
O/IO/IO/IO/IO/I
O/IO/IO/IO/IO/I
I/OI/OI/OI/OI/O
I/OI/OI/OI/OI/O
O/IO/IO/IO/IO/I
O/IO/IO/IO/IO/I
I/OI/OI/OI/OI/O
I/OI/OI/OI/OI/O
O/IO/IO/IO/IO/I
O/IO/IO/IO/IO/I
I/OI/OI/OI/OI/O
I/OI/OI/OI/OI/O
O/IO/IO/IO/IO/I
O/IO/IO/IO/IO/I
I/OI/OI/OI/OI/O
I/OI/OI/OI/OI/O
O/IO/IO/IO/IO/I
O/IO/IO/IO/IO/I
I/OI/OI/OI/OI/O
I/OI/OI/OI/OI/O
O/IO/IO/IO/IO/I
O/IO/IO/IO/IO/I
I/OI/OI/OI/OI/O
I/OI/OI/OI/OI/O
O/IO/IO/IO/IO/I
O/IO/IO/IO/IO/I
I/OI/OI/OI/OI/O
I/OI/OI/OI/OI/O
O/IO/IO/IO/IO/I
O/IO/IO/IO/IO/I
I/OI/OI/OI/OI/O
I/OI/OI/OI/OI/O
O/IO/IO/IO/IO/I
O/IO/IO/IO/IO/I
I/OI/OI/OI/OI/O
I/OI/OI/OI/OI/O
Case #3:
I/OI/OI/OI/OI/O
O/IO/IO/IO/IO/I
O/IO/IO/IO/IO/I
I/OI/OI/OI/OI/O
I/OI/OI/OI/OI/O
O/IO/IO/IO/IO/I
O/IO/IO/IO/IO/I
I/OI/OI/OI/OI/O
I/OI/OI/OI/OI/O
O/IO/IO/IO/IO/I
O/IO/IO/IO/IO/I
I/OI/OI/OI/OI/O
I/OI/OI/OI/OI/O
O/IO/IO/IO/IO/I
O/IO/IO/IO/IO/I
I/OI/OI/OI/OI/O
I/OI/OI/OI/OI/O
O/IO/IO/IO/IO/I
O/IO/IO/IO/IO/I
I/OI/OI/OI/OI/O
I/OI/OI/OI/OI/O
O/IO/IO/IO/IO/I
O/IO/IO/IO/IO/I
I/OI/OI/OI/OI/O
I/OI/OI/OI/OI/O
O/IO/IO/IO/IO/I
O/IO/IO/IO/IO/I
I/OI/OI/OI/OI/O
I/OI/OI/OI/OI/O
O/IO/IO/IO/IO/I
O/IO/IO/IO/IO/I
I/OI/OI/OI/OI/O
I/OI/OI/OI/OI/O
O/IO/IO/IO/IO/I
O/IO/IO/IO/IO/I
I/OI/OI/OI/OI/O
I/OI/OI/OI/OI/O
O/IO/IO/IO/IO/I
O/IO/IO/IO/IO/I
I/OI/OI/OI/OI/O
I/OI/OI/OI/OI/O
O/IO/IO/IO/IO/I
O/IO/IO/IO/IO/I
I/OI/OI/OI/OI/O
I/OI/OI/OI/OI/O
O/IO/IO/IO/IO/I
O/IO/IO/IO/IO/I
I/OI/OI/OI/OI/O
I/OI/OI/OI/OI/O
O/IO/IO/IO/IO/I
O/I////////////
Case #4:
I/OI/OI/OI/OI/O
O/IO/IO/IO/IO/I
O/IO/IO/IO/IO/I
I/OI/OI/OI/OI/O
I/OI/OI/OI/OI/O
O/IO/IO/IO/IO/I
O/IO/IO/IO/IO/I
I/OI/OI/OI/OI/O
I/OI/OI/OI/OI/O
O/IO/IO/IO/IO/I
O/IO/IO/IO/IO/I
I/OI/OI/OI/OI/O
I/OI/OI/OI/OI/O
O/IO/IO/IO/IO/I
O/IO/IO/IO/I///
Case #5:
I/OI/OI/OI/OI/O
O/IO/IO/IO/IO/I
O/IO/IO/IO/IO/I
I/OI/OI/OI/OI/O
I/OI/OI/OI/OI/O
O/IO/IO/IO/IO/I
O/IO/IO/IO/IO/I
I/OI/OI/OI/OI/O
I/OI/OI/OI/OI/O
O/IO/IO/IO/IO/I
O/IO/IO/IO/IO/I
I/OI/OI/OI/OI/O
I/OI/OI/OI/OI/O
O/IO/IO/IO/IO/I
O/IO/IO/IO/IO/I
I/OI/OI/OI/OI/O
I/OI/OI/OI/OI/O
O/IO/IO/IO/IO/I
O/IO/IO/IO/I///
Case #6:
I/OI/OI/OI/OI/O
O/IO/IO/I//////
Case #7:
I/OI/OI/OI/OI/O
O/IO/IO/IO/IO/I
O/IO/IO/IO/IO/I
I/OI/OI/OI/OI/O
I/OI/OI/OI/OI/O
O/IO/IO/IO/IO/I
O/IO/IO/IO/IO/I
I/OI/OI/OI/OI/O
I/OI/OI/OI/OI/O
O/IO/IO/IO/IO/I
O/IO/IO/IO/IO/I
I/OI/OI/OI/OI/O
I/OI/OI/OI/OI/O
O/IO/IO/IO/IO/I
O/IO/IO/IO/IO/I
I/OI/OI/OI/OI/O
I/OI/OI/OI/OI/O
O/IO/IO/IO/IO/I
O/IO/IO/IO/IO/I
I/OI/OI/OI/OI/O
I/OI/OI/OI/OI/O
Case #8:
I/OI/OI/OI/OI/O
O/IO/IO/IO/IO/I
O/IO/IO/IO/IO/I
I/OI/OI/OI/OI/O
I/OI/O/////////
Case #9:
I/OI/OI/OI/OI/O
O/I////////////
Case #10:
I/OI/OI/OI/OI/O
O/IO/IO/IO/IO/I
O/IO/IO/IO/IO/I
I/OI/OI/OI/OI/O
I/OI/OI/OI/OI/O
O/IO/IO/IO/IO/I
O/IO/IO/IO/IO/I
I/OI/OI/OI/OI/O
I/OI/OI/OI/OI/O
O/IO/IO/IO/IO/I
O/IO/IO/IO/IO/I
I/OI/OI/OI/OI/O
I/OI/OI/OI/OI/O
O/IO/IO/IO/I///
Case #11:
I/OI/OI/OI/OI/O
O/IO/IO/IO/IO/I
O/IO/IO/IO/IO/I
I/OI/OI/OI/OI/O
I/OI/OI/OI/OI/O
O/IO/IO/IO/IO/I
O/IO/IO/IO/IO/I
I/OI/OI/OI/OI/O
I/OI/OI/OI/OI/O
O/IO/IO/IO/IO/I
O/IO/IO/IO/IO/I
I/OI/OI/OI/OI/O
I/OI/OI/OI/OI/O
O/IO/IO/IO/IO/I
O/IO/IO/IO/IO/I
I/OI/OI/OI/OI/O
I/OI/OI/OI/OI/O
O/IO/IO/IO/IO/I
O/IO/IO/IO/IO/I
I/OI/OI/OI/OI/O
I/OI/OI/OI/OI/O
O/IO/IO/IO/IO/I
O/IO/IO/IO/IO/I
I/OI/OI/OI/OI/O
I/OI/OI/OI/OI/O
O/IO/IO/IO/IO/I
O/IO/IO/IO/IO/I
I/OI/OI/OI/OI/O
I/OI/OI/OI/OI/O
O/IO/IO/IO/IO/I
O/IO/IO/IO/IO/I
I/OI/OI/OI/OI/O
I/OI/OI/OI/OI/O
O/IO/IO/IO/IO/I
O/IO/IO/IO/IO/I
I/OI/OI/OI/OI/O
I/OI/OI/OI/OI/O
O/IO/IO/IO/IO/I
O/IO/IO/IO/IO/I
I/OI/OI/OI/OI/O
I/OI/OI/OI/OI/O
O/IO/IO/IO/IO/I
O/IO/IO/IO/IO/I
I/OI/OI/OI/OI/O
I/OI/OI/OI/OI/O
O/IO/IO/IO/IO/I
O/IO/IO/IO/IO/I
I/OI/OI/OI/OI/O
I/OI/OI/OI/OI/O
O/IO/IO/IO/IO/I
O/IO/IO/IO/IO/I
I/OI/OI/OI/OI/O
I/OI/OI/OI/OI/O
O/IO/IO/IO/IO/I
O/IO/IO/IO/IO/I
I/OI/O/////////
Case #12:
I/OI/OI/OI/OI/O
O/IO/IO/IO/IO/I
O/IO/IO/IO/IO/I
I/OI/OI/OI/OI/O
I/OI/OI/OI/OI/O
O/IO/IO/IO/IO/I
O/IO/IO/IO/IO/I
I/OI/OI/OI/OI/O
I/OI/OI/OI/OI/O
O/IO/IO/IO/IO/I
O/IO/IO/IO/IO/I
I/OI/OI/OI/OI/O
I/OI/OI/OI/OI/O
O/IO/IO/IO/IO/I
O/IO/IO/IO/IO/I
I/OI/OI/OI/OI/O
I/OI/OI/OI/OI/O
O/IO/IO/IO/IO/I
O/IO/IO/IO/IO/I
I/OI/OI/OI/OI/O
I/OI/OI/OI/OI/O
O/IO/IO/IO/IO/I
O/IO/IO/IO/IO/I
I/OI/OI/OI/OI/O
I/OI/OI/OI/OI/O
O/IO/IO/IO/IO/I
O/IO/IO/IO/IO/I
I/OI/OI/OI/OI/O
I/OI/OI/OI/OI/O
O/IO/IO/IO/IO/I
O/IO/IO/IO/IO/I
I/OI/OI/OI/OI/O
I/OI/OI/OI/OI/O
O/IO/IO/IO/IO/I
O/IO/IO/IO/IO/I
I/OI/OI/OI/OI/O
I/OI/OI/OI/OI/O
O/IO/IO/I//////
Case #13:
I/OI/OI/OI/OI/O
O/IO/IO/IO/IO/I
O/IO/IO/IO/IO/I
I/OI/OI/OI/OI/O
I/OI/OI/OI/O///
Case #14:
I/OI/OI/OI/OI/O
O/IO/IO/IO/IO/I
O/IO/IO/IO/IO/I
I/OI/OI/OI/OI/O
I/OI/OI/OI/OI/O
O/IO/IO/IO/IO/I
O/IO/IO/IO/IO/I
I/OI/OI/OI/OI/O
I/OI/OI/OI/OI/O
O/IO/IO/IO/IO/I
O/IO/IO/IO/IO/I
I/OI/OI/OI/OI/O
I/OI/OI/OI/OI/O
O/IO/IO/IO/IO/I
O/IO/IO/IO/IO/I
I/OI/OI/OI/OI/O
I/OI/OI/OI/OI/O
O/IO/IO/I//////
Case #15:
I/OI/OI/OI/OI/O
O/IO/IO/IO/IO/I
O/IO/IO/IO/IO/I
I/OI/OI/OI/OI/O
I/OI/OI/OI/OI/O
O/IO/IO/IO/IO/I
O/IO/IO/IO/IO/I
I/OI/OI/OI/OI/O
I/OI/OI/OI/OI/O
O/IO/IO/IO/IO/I
O/IO/IO/IO/IO/I
I/OI/OI/OI/OI/O
I/OI/OI/OI/OI/O
O/IO/IO/IO/IO/I
O/IO/IO/IO/IO/I
I/OI/OI/OI/OI/O
I/OI/OI/OI/OI/O
O/IO/IO/IO/IO/I
O/IO/IO/IO/IO/I
I/OI/OI/OI/OI/O
I/OI/OI/OI/OI/O
O/IO/IO/IO/IO/I
O/IO/IO/IO/IO/I
I/OI/OI/OI/OI/O
I/OI/OI/OI/OI/O
O/IO/IO/IO/IO/I
O/IO/IO/IO/IO/I
I/OI/OI/OI/OI/O
I/OI/OI/OI/OI/O
O/IO/IO/IO/IO/I
O/IO/IO/IO/IO/I
I/OI/OI/OI/OI/O
I/OI/OI/OI/OI/O
O/IO/IO/IO/IO/I
O/IO/IO/IO/IO/I
I/OI/OI/OI/OI/O
I/OI/OI/OI/OI/O
O/IO/IO/IO/IO/I
O/IO/IO/IO/IO/I
I/OI/OI/OI/OI/O
I/OI/OI/OI/OI/O
O/IO/IO/IO/IO/I
O/IO/IO/IO/IO/I
I/OI/OI/OI/OI/O
I/OI/OI/OI/OI/O
O/IO/IO/IO/IO/I
O/IO/IO/IO/IO/I
I/OI/OI/OI/OI/O
I/OI/OI/OI/OI/O
O/IO/IO/IO/IO/I
O/IO/IO/IO/IO/I
I/OI/OI/OI/OI/O
I/O////////////
Case #16:
I/OI/OI/OI/OI/O
O/IO/IO/IO/IO/I
O/IO/IO/IO/IO/I
I/OI/OI/OI/OI/O
I/OI/OI/OI/OI/O
O/IO/IO/IO/IO/I
O/IO/IO/IO/IO/I
I/OI/OI/OI/OI/O
I/OI/OI/OI/OI/O
O/IO/IO/IO/IO/I
O/IO/IO/IO/IO/I
I/OI/OI/OI/OI/O
I/OI/OI/OI/OI/O
O/IO/IO/IO/IO/I
O/IO/IO/IO/IO/I
I/OI/OI/OI/OI/O
I/OI/OI/OI/OI/O
O/IO/IO/IO/IO/I
O/IO/IO/IO/IO/I
I/OI/OI/OI/OI/O
I/OI/OI/OI/OI/O
O/IO/IO/IO/IO/I
O/IO/IO/IO/IO/I
I/OI/OI/OI/OI/O
I/OI/OI/OI/OI/O
O/IO/IO/IO/IO/I
O/IO/IO/IO/IO/I
I/OI/OI/OI/OI/O
I/OI/OI/OI/OI/O
O/IO/IO/IO/IO/I
O/IO/IO/IO/IO/I
I/OI/OI/OI/OI/O
I/OI/OI/OI/OI/O
O/IO/IO/IO/IO/I
O/IO/IO/IO/IO/I
I/OI/OI/OI/OI/O
I/OI/OI/OI/OI/O
O/IO/IO/IO/IO/I
O/IO/IO/IO/IO/I
I/OI/OI/OI/OI/O
I/OI/OI/OI/OI/O
O/IO/IO/IO/IO/I
O/IO/IO/IO/IO/I
I/OI/OI/OI/OI/O
I/OI/OI/OI/OI/O
O/IO/IO/IO/IO/I
O/IO/IO/IO/IO/I
I/OI/OI/OI/OI/O
I/OI/OI/OI/OI/O
O/IO/IO/IO/IO/I
O/IO/IO/IO/IO/I
I/OI/OI/OI/O///
Case #17:
I/OI/OI/OI/OI/O
O/IO/IO/IO/IO/I
O/IO/IO/IO/IO/I
I/OI/OI/OI/OI/O
I/OI/OI/OI/OI/O
O/IO/IO/IO/IO/I
O/IO/IO/IO/IO/I
I/OI/OI/OI/OI/O
I/OI/OI/OI/OI/O
O/IO/IO/IO/IO/I
O/IO/IO/IO/IO/I
I/OI/OI/OI/OI/O
I/OI/OI/OI/OI/O
O/IO/IO/IO/IO/I
O/IO/IO/IO/IO/I
I/OI/OI/OI/OI/O
I/OI/OI/OI/OI/O
O/IO/IO/IO/IO/I
O/IO/IO/IO/IO/I
I/OI/OI/OI/OI/O
I/OI/OI/OI/OI/O
O/IO/IO/IO/IO/I
O/IO/IO/IO/IO/I
I/OI/OI/OI/OI/O
I/OI/OI/OI/OI/O
O/IO/IO/IO/IO/I
O/IO/IO/IO/IO/I
I/OI/OI/OI/OI/O
I/OI/OI/OI/OI/O
O/IO/IO/IO/IO/I
O/IO/IO/IO/IO/I
I/OI/OI/OI/OI/O
I/OI/OI/OI/OI/O
O/IO/IO/IO/IO/I
O/IO/IO/IO/IO/I
I/OI/OI/OI/OI/O
I/OI/OI/OI/OI/O
O/IO/IO/IO/IO/I
O/IO/IO/IO/IO/I
I/OI/OI/OI/OI/O
I/OI/OI/OI/OI/O
O/IO/IO/IO/IO/I
O/IO/IO/IO/IO/I
I/OI/OI/OI/OI/O
I/OI/OI/OI/OI/O
O/IO/IO/IO/IO/I
O/IO/IO/IO/IO/I
I/OI/OI/OI/OI/O
I/OI/OI/OI/OI/O
O/IO/IO/IO/IO/I
O/IO/IO/IO/IO/I
I/O////////////
Case #18:
I/OI/OI/OI/OI/O
O/IO/I/////////
Case #19:
I
Case #20:
I/OI/OI/OI/OI/O
O/IO/IO/IO/IO/I
O/IO/IO/IO/IO/I
I/OI/OI/OI/OI/O
I/OI/OI/OI/OI/O
O/IO/IO/IO/IO/I
O/IO/IO/IO/IO/I
I/OI/OI/OI/OI/O
I/OI/OI/OI/OI/O
O/IO/IO/IO/IO/I
O/IO/IO/IO/IO/I
I/OI/OI/OI/OI/O
I/OI/OI/OI/OI/O
O/IO/IO/IO/IO/I
O/IO/IO/IO/IO/I
I/OI/OI/OI/OI/O
I/OI/OI/OI/OI/O
O/IO/IO/IO/IO/I
O/IO/IO/IO/IO/I
I/OI/OI/OI/OI/O
I/OI/OI/OI/OI/O
O/IO/IO/IO/IO/I
O/IO/IO/IO/IO/I
I/OI/OI/OI/OI/O
I/OI/OI/OI/OI/O
O/IO/IO/IO/IO/I
O/IO/IO/IO/IO/I
I/OI/OI/OI/OI/O
I/OI/OI/OI/OI/O
O/IO/IO/IO/IO/I
O/IO/IO/IO/IO/I
I/OI/OI/OI/OI/O
I/OI/OI/OI/OI/O
O/IO/IO/IO/IO/I
O/IO/IO/I//////
Case #21:
I/OI/OI/OI/OI/O
O/IO/IO/IO/IO/I
O/IO/IO/IO/IO/I
I/O////////////
Case #22:
I/OI/OI/OI/OI/O
O/IO/IO/IO/IO/I
O/IO/IO/IO/IO/I
I/OI/OI/OI/OI/O
I/OI/OI/OI/OI/O
O/IO/IO/IO/IO/I
O/IO/IO/IO/IO/I
I/OI/OI/OI/OI/O
I/OI/OI/OI/OI/O
O/IO/IO/IO/IO/I
O/IO/IO/IO/IO/I
I/OI/OI/OI/OI/O
I/OI/OI/OI/OI/O
O/IO/IO/IO/IO/I
O/IO/IO/IO/IO/I
I/OI/OI/OI/OI/O
I/OI/OI/OI/OI/O
O/IO/IO/IO/IO/I
O/IO/IO/IO/IO/I
I/OI/OI/OI/OI/O
I/OI/OI/OI/OI/O
O/IO/IO/IO/IO/I
O/IO/IO/IO/IO/I
I/OI/OI/OI/OI/O
I/OI/OI/OI/OI/O
O/IO/IO/IO/IO/I
O/IO/IO/IO/IO/I
I/OI/OI/OI/OI/O
I/OI/OI/OI/OI/O
O/IO/IO/IO/IO/I
O/IO/IO/IO/IO/I
I/OI/OI/OI/OI/O
I/OI/OI/OI/OI/O
O/IO/IO/IO/IO/I
O/IO/IO/IO/IO/I
I/OI/OI/OI/OI/O
I/OI/OI/OI/OI/O
O/IO/IO/IO/IO/I
O/IO/IO/IO/IO/I
I/OI/OI/OI/OI/O
I/OI/OI/OI/OI/O
O/IO/IO/IO/IO/I
O/IO/IO/IO/IO/I
I/OI/OI/OI/OI/O
I/OI/OI/OI/OI/O
O/IO/IO/IO/IO/I
O/IO/IO/IO/IO/I
I/O////////////
Case #23:
I/OI/OI/OI/OI/O
O/IO/IO/IO/IO/I
O/IO/IO/IO/IO/I
I/OI/OI/OI/OI/O
I/OI/OI/OI/OI/O
O/IO/IO/IO/IO/I
O/IO/IO/IO/IO/I
I/OI/OI/OI/OI/O
I/OI/OI/OI/OI/O
O/IO/IO/IO/IO/I
O/IO/IO/IO/IO/I
I/OI/OI/OI/OI/O
I/OI/OI/OI/OI/O
O/IO/IO/IO/IO/I
O/IO/IO/IO/IO/I
I/OI/OI/O//////
Case #24:
I/OI/OI/OI/OI/O
O/IO/IO/IO/IO/I
O/IO/IO/IO/IO/I
I/OI/OI/OI/OI/O
I/OI/OI/OI/OI/O
O/IO/IO/IO/IO/I
O/IO/IO/IO/IO/I
I/OI/OI/OI/OI/O
I/OI/OI/OI/OI/O
O/IO/IO/IO/IO/I
O/IO/IO/IO/IO/I
I/OI/OI/OI/OI/O
I/OI/OI/OI/OI/O
O/IO/IO/IO/IO/I
O/IO/IO/IO/IO/I
I/OI/OI/OI/OI/O
I/OI/OI/OI/OI/O
O/IO/IO/IO/IO/I
O/IO/IO/IO/IO/I
I/OI/OI/OI/OI/O
I/OI/OI/OI/OI/O
O/IO/IO/IO/IO/I
O/IO/IO/IO/IO/I
I/OI/OI/OI/OI/O
I/OI/OI/OI/OI/O
O/IO/IO/IO/IO/I
O/IO/IO/IO/IO/I
I/OI/OI/OI/OI/O
I/OI/OI/OI/OI/O
O/IO/IO/IO/IO/I
O/IO/IO/IO/IO/I
I/OI/OI/OI/OI/O
I/OI/OI/OI/OI/O
O/IO/IO/IO/IO/I
O/IO/IO/IO/IO/I
I/OI/OI/OI/OI/O
I/OI/OI/OI/OI/O
O/IO/IO/IO/IO/I
O/IO/IO/IO/IO/I
I/OI/OI/OI/OI/O
I/OI/OI/OI/OI/O
O/IO/IO/IO/IO/I
O/IO/IO/IO/IO/I
I/OI/OI/OI/OI/O
I/OI/OI/OI/OI/O
O/IO/IO/IO/IO/I
O/IO/IO/IO/IO/I
I/OI/OI/OI/OI/O
Case #25:
I/OI/OI/OI/OI/O
O/IO/IO/IO/IO/I
O/IO/IO/IO/IO/I
I/OI/OI/OI/OI/O
I/OI/OI/OI/OI/O
O/IO/IO/IO/IO/I
O/IO/IO/IO/IO/I
I/OI/OI/OI/OI/O
I/OI/OI/OI/OI/O
O/IO/IO/IO/IO/I
O/IO/IO/IO/IO/I
I/OI/OI/OI/OI/O
I/OI/OI/OI/OI/O
O/IO/IO/IO/IO/I
O/IO/IO/IO/IO/I
I/OI/OI/OI/OI/O
I/OI/OI/OI/OI/O
O/IO/IO/IO/IO/I
O/IO/IO/IO/IO/I
I/OI/OI/OI/OI/O
I/OI/OI/OI/OI/O
O/IO/IO/IO/IO/I
O/IO/IO/IO/IO/I
I/OI/OI/OI/OI/O
I/OI/OI/OI/OI/O
O/IO/IO/IO/IO/I
O/IO/IO/IO/IO/I
I/OI/OI/OI/OI/O
I/OI/OI/OI/OI/O
O/IO/IO/IO/IO/I
O/IO/IO/IO/IO/I
I/OI/OI/OI/OI/O
I/OI/OI/OI/OI/O
O/IO/IO/IO/IO/I
O/IO/IO/IO/IO/I
I/OI/OI/OI/OI/O
I/OI/OI/OI/OI/O
O/IO/IO/IO/IO/I
O/IO/IO/IO/IO/I
I/OI/OI/OI/OI/O
I/OI/OI/OI/OI/O
O/I////////////
Case #26:
I/OI/OI/OI/OI/O
O/IO/IO/IO/IO/I
O/IO/IO/IO/IO/I
I/OI/OI/OI/OI/O
I/OI/OI/OI/OI/O
O/IO/IO/I//////
Case #27:
I/OI/OI/OI/OI/O
O/IO/IO/IO/IO/I
Case #28:
I/OI/OI/OI/OI/O
O/IO/IO/IO/IO/I
O/IO/IO/IO/IO/I
I/OI/OI/OI/OI/O
I/OI/OI/OI/OI/O
O/IO/IO/IO/IO/I
O/IO/IO/IO/IO/I
I/OI/OI/OI/OI/O
I/OI/OI/OI/OI/O
O/IO/IO/IO/IO/I
O/IO/IO/IO/IO/I
I/OI/OI/OI/OI/O
I/OI/OI/OI/OI/O
O/IO/IO/IO/IO/I
O/IO/IO/IO/IO/I
I/OI/OI/OI/OI/O
I/OI/OI/OI/OI/O
O/IO/IO/IO/IO/I
O/IO/IO/IO/IO/I
I/OI/OI/OI/OI/O
I/OI/OI/OI/OI/O
O/IO/IO/I//////
Case #29:
I/OI/OI/OI/OI/O
O/IO/IO/IO/IO/I
O/IO/IO/IO/IO/I
I/OI/OI/OI/OI/O
I/OI/OI/OI/OI/O
O/IO/IO/IO/IO/I
O/IO/IO/IO/IO/I
I/OI/OI/OI/OI/O
I/OI/OI/OI/OI/O
O/IO/IO/IO/IO/I
O/IO/IO/IO/IO/I
I/OI/OI/OI/OI/O
I/OI/OI/OI/OI/O
O/IO/IO/IO/IO/I
O/IO/IO/IO/IO/I
I/OI/OI/OI/OI/O
I/OI/OI/OI/OI/O
O/IO/IO/IO/IO/I
O/IO/IO/IO/IO/I
I/OI/OI/OI/OI/O
I/OI/OI/OI/OI/O
O/IO/IO/IO/IO/I
O/IO/IO/IO/IO/I
I/OI/OI/OI/OI/O
I/OI/OI/OI/OI/O
O/IO/IO/IO/IO/I
O/IO/IO/IO/IO/I
I/OI/OI/OI/OI/O
I/OI/OI/OI/OI/O
O/IO/IO/IO/IO/I
O/IO/IO/IO/IO/I
I/OI/OI/OI/OI/O
I/OI/OI/OI/OI/O
O/IO/IO/IO/IO/I
O/IO/IO/IO/IO/I
I/OI/OI/OI/OI/O
I/OI/OI/OI/OI/O
O/IO/IO/IO/IO/I
O/IO/IO/IO/IO/I
I/OI/OI/OI/OI/O
I/OI/OI/OI/OI/O
O/IO/IO/IO/IO/I
O/IO/IO/IO/IO/I
I/OI/OI/OI/OI/O
I/OI/OI/OI/OI/O
O/IO/IO/IO/IO/I
O/IO/IO/IO/IO/I
I/OI/OI/OI/OI/O
I/OI/OI/OI/OI/O
O/IO/IO/IO/IO/I
O/IO/IO/IO/IO/I
I/OI/OI/OI/OI/O
I/OI/OI/OI/OI/O
O/IO/IO/IO/IO/I
O/IO/IO/IO/IO/I
I/OI/OI/OI/OI/O
I/OI/OI/OI/OI/O
Case #30:
I/OI/OI/OI/OI/O
O/IO/IO/IO/IO/I
O/IO/IO/IO/IO/I
I/OI/OI/OI/OI/O
I/OI/OI/OI/OI/O
O/IO/IO/IO/IO/I
O/IO/IO/IO/IO/I
I/OI/OI/OI/OI/O
I/OI/OI/OI/OI/O
O/IO/IO/IO/IO/I
O/IO/IO/IO/IO/I
I/OI/OI/OI/OI/O
I/OI/OI/OI/OI/O
O/IO/IO/IO/IO/I
O/IO/IO/IO/IO/I
Case #31:
I/OI/OI/OI/OI/O
O/IO/IO/IO/IO/I
O/IO/IO/IO/IO/I
I/OI/OI/OI/OI/O
I/OI/OI/OI/OI/O
O/IO/IO/IO/IO/I
O/IO/IO/IO/IO/I
I/OI/OI/OI/OI/O
I/OI/OI/OI/OI/O
O/IO/IO/IO/IO/I
O/IO/IO/IO/IO/I
I/OI/OI/OI/OI/O
I/OI/OI/OI/OI/O
O/IO/IO/IO/IO/I
O/IO/IO/IO/IO/I
I/OI/OI/OI/OI/O
I/OI/OI/OI/OI/O
O/IO/IO/IO/IO/I
O/IO/IO/IO/IO/I
I/OI/OI/OI/OI/O
I/OI/OI/OI/OI/O
O/IO/IO/IO/IO/I
O/IO/IO/IO/IO/I
I/OI/OI/OI/OI/O
I/OI/OI/OI/OI/O
O/IO/IO/IO/IO/I
O/IO/IO/I//////
Case #32:
I/OI/OI/OI/OI/O
O/IO/IO/IO/IO/I
O/IO/IO/IO/IO/I
I/OI/OI/OI/OI/O
I/OI/OI/OI/OI/O
O/IO/IO/IO/IO/I
Case #33:
I/OI/OI/OI/OI/O
O/IO/IO/IO/IO/I
O/IO/IO/IO/IO/I
I/OI/OI/OI/OI/O
I/OI/OI/OI/OI/O
O/IO/IO/IO/IO/I
O/IO/IO/IO/IO/I
I/OI/OI/OI/OI/O
I/OI/OI/OI/OI/O
O/IO/IO/IO/IO/I
O/IO/IO/IO/IO/I
I/OI/OI/OI/OI/O
I/OI/OI/OI/OI/O
O/IO/IO/IO/IO/I
O/IO/IO/IO/IO/I
I/OI/OI/OI/OI/O
I/OI/OI/OI/OI/O
O/IO/IO/IO/IO/I
O/IO/IO/IO/IO/I
I/OI/OI/OI/OI/O
I/OI/OI/OI/OI/O
O/IO/IO/IO/IO/I
O/IO/IO/IO/IO/I
I/OI/OI/OI/OI/O
I/OI/OI/OI/OI/O
O/IO/IO/IO/IO/I
O/IO/IO/IO/IO/I
I/OI/OI/OI/OI/O
I/OI/OI/OI/OI/O
O/IO/I/////////
Case #34:
I/OI/OI/OI/OI/O
O/IO/IO/IO/IO/I
O/IO/IO/IO/IO/I
I/OI/OI/OI/OI/O
I/OI/OI/OI/OI/O
O/IO/IO/IO/IO/I
O/IO/IO/IO/IO/I
I/OI/OI/OI/OI/O
I/OI/OI/OI/OI/O
O/IO/IO/IO/IO/I
O/IO/IO/IO/IO/I
I/OI/OI/OI/OI/O
I/OI/OI/OI/OI/O
O/IO/IO/IO/IO/I
O/IO/IO/IO/IO/I
I/OI/OI/OI/OI/O
I/OI/OI/OI/OI/O
O/IO/IO/IO/IO/I
O/IO/IO/IO/IO/I
I/OI/OI/OI/OI/O
I/OI/OI/OI/OI/O
O/IO/IO/IO/IO/I
O/IO/IO/IO/IO/I
I/OI/OI/OI/OI/O
I/OI/OI/OI/OI/O
O/IO/IO/IO/IO/I
O/IO/IO/IO/IO/I
I/OI/OI/OI/OI/O
I/OI/OI/OI/OI/O
O/IO/IO/IO/IO/I
O/IO/IO/IO/IO/I
I/OI/OI/OI/OI/O
I/OI/OI/OI/OI/O
O/IO/IO/IO/IO/I
O/IO/IO/IO/IO/I
I/OI/OI/OI/OI/O
I/OI/OI/OI/OI/O
O/IO/IO/IO/IO/I
O/IO/IO/IO/IO/I
I/OI/OI/OI/OI/O
I/OI/OI/OI/OI/O
O/IO/IO/IO/IO/I
O/IO/IO/IO/IO/I
I/OI/OI/OI/OI/O
I/OI/OI/OI/OI/O
O/IO/IO/IO/IO/I
O/IO/IO/IO/IO/I
I/OI/OI/O//////
Case #35:
I/OI/OI/OI/OI/O
O/IO/IO/IO/IO/I
O/IO/IO/IO/I///
Case #36:
I/OI/OI/OI/OI/O
O/IO/IO/IO/IO/I
O/IO/IO/IO/IO/I
I/OI/OI/OI/OI/O
I/OI/OI/OI/OI/O
O/IO/IO/IO/IO/I
O/IO/IO/IO/IO/I
I/OI/OI/OI/OI/O
I/OI/OI/OI/OI/O
O/IO/IO/IO/IO/I
O/IO/IO/IO/IO/I
I/OI/OI/OI/OI/O
I/OI/OI/OI/OI/O
O/IO/IO/IO/IO/I
O/IO/IO/IO/IO/I
I/OI/OI/OI/OI/O
I/OI/OI/OI/OI/O
O/IO/IO/IO/IO/I
O/IO/IO/IO/IO/I
I/OI/OI/OI/OI/O
I/OI/OI/OI/OI/O
O/IO/IO/IO/IO/I
O/IO/IO/IO/IO/I
I/OI/OI/OI/OI/O
I/OI/OI/OI/OI/O
O/IO/IO/IO/IO/I
O/IO/IO/IO/IO/I
I/OI/OI/OI/OI/O
I/OI/OI/OI/OI/O
O/IO/IO/IO/IO/I
O/IO/IO/IO/IO/I
I/OI/OI/OI/OI/O
Case #37:
I/OI/OI/OI/OI/O
O/IO/IO/IO/IO/I
O/IO/IO/IO/IO/I
I/OI/OI/OI/OI/O
I/OI/OI/OI/OI/O
O/IO/IO/IO/IO/I
O/IO/IO/IO/IO/I
I/OI/OI/OI/OI/O
I/OI/OI/OI/OI/O
O/IO/IO/IO/IO/I
O/IO/IO/IO/IO/I
I/OI/OI/OI/OI/O
I/OI/OI/OI/OI/O
O/IO/IO/IO/IO/I
O/IO/IO/IO/IO/I
I/OI/OI/OI/OI/O
I/OI/OI/OI/OI/O
O/IO/IO/IO/IO/I
O/IO/IO/IO/IO/I
I/OI/OI/OI/OI/O
I/OI/OI/OI/OI/O
O/IO/IO/IO/IO/I
O/IO/IO/IO/IO/I
I/OI/OI/OI/OI/O
I/OI/OI/OI/OI/O
O/IO/IO/IO/IO/I
O/IO/IO/IO/IO/I
I/OI/OI/OI/OI/O
I/OI/OI/OI/OI/O
O/IO/IO/IO/IO/I
O/IO/IO/IO/IO/I
I/OI/OI/OI/OI/O
I/OI/OI/OI/OI/O
O/IO/IO/IO/IO/I
O/IO/IO/IO/IO/I
I/OI/OI/OI/OI/O
I/OI/OI/OI/OI/O
O/IO/IO/IO/IO/I
O/IO/IO/IO/IO/I
I/OI/OI/OI/OI/O
I/OI/OI/OI/OI/O
O/IO/IO/IO/IO/I
O/IO/IO/IO/IO/I
I/OI/OI/OI/OI/O
I/OI/OI/OI/OI/O
O/IO/IO/IO/IO/I
O/IO/IO/IO/IO/I
I/OI/OI/OI/OI/O
I/OI/OI/OI/OI/O
Case #38:
I/OI/OI/OI/OI/O
O/IO/IO/IO/IO/I
O/IO/IO/IO/IO/I
I/OI/OI/OI/OI/O
I/OI/OI/OI/OI/O
O/IO/IO/IO/IO/I
O/IO/IO/IO/IO/I
I/OI/OI/OI/OI/O
I/OI/OI/OI/OI/O
O/IO/IO/IO/IO/I
O/IO/IO/IO/IO/I
I/OI/OI/OI/OI/O
I/OI/OI/OI/OI/O
O/IO/IO/IO/IO/I
O/IO/IO/IO/IO/I
I/OI/OI/OI/OI/O
I/OI/OI/OI/OI/O
O/IO/IO/IO/IO/I
O/IO/IO/IO/IO/I
I/OI/OI/OI/OI/O
I/OI/OI/OI/OI/O
O/IO/IO/IO/IO/I
O/IO/IO/IO/IO/I
I/OI/OI/OI/O///
Case #39:
I/OI/OI/OI/OI/O
O/IO/IO/IO/IO/I
O/IO/IO/IO/IO/I
I/OI/OI/OI/OI/O
I/OI/OI/OI/OI/O
O/IO/IO/IO/IO/I
O/IO/IO/IO/IO/I
I/OI/OI/OI/OI/O
I/OI/OI/OI/OI/O
O/IO/IO/IO/IO/I
O/IO/IO/IO/IO/I
I/OI/OI/OI/OI/O
I/OI/OI/OI/OI/O
O/IO/IO/IO/IO/I
O/IO/IO/IO/IO/I
I/OI/OI/OI/OI/O
I/OI/OI/OI/OI/O
O/IO/IO/IO/IO/I
O/IO/IO/IO/IO/I
Case #40:
I/OI/OI/OI/OI/O
O/IO/IO/IO/IO/I
O/IO/IO/IO/IO/I
I/OI/O/////////
Case #41:
I/OI/OI/OI/OI/O
O/IO/IO/IO/IO/I
O/IO/IO/IO/IO/I
I/OI/OI/OI/OI/O
I/OI/OI/OI/OI/O
O/IO/IO/IO/IO/I
O/IO/IO/IO/IO/I
I/OI/OI/OI/OI/O
I/OI/OI/OI/OI/O
O/IO/IO/IO/IO/I
O/IO/IO/IO/IO/I
I/OI/OI/OI/OI/O
I/OI/OI/OI/OI/O
O/IO/IO/IO/IO/I
O/IO/IO/IO/IO/I
I/OI/OI/OI/OI/O
I/OI/OI/OI/OI/O
O/IO/IO/IO/IO/I
O/IO/IO/IO/IO/I
I/OI/OI/OI/OI/O
I/OI/OI/OI/OI/O
O/IO/IO/IO/IO/I
O/IO/IO/IO/IO/I
I/OI/OI/OI/OI/O
I/OI/OI/OI/OI/O
O/I////////////
Case #42:
I/OI/O/////////
Case #43:
I/OI/OI/OI/OI/O
O/IO/IO/IO/IO/I
O/IO/IO/IO/IO/I
I/OI/OI/OI/OI/O
I/OI/OI/OI/OI/O
O/IO/IO/IO/IO/I
O/IO/IO/IO/IO/I
I/OI/OI/OI/OI/O
I/OI/OI/OI/OI/O
O/IO/IO/IO/IO/I
O/IO/IO/I//////
Case #44:
I/OI/OI/OI/OI/O
O/IO/IO/IO/IO/I
O/IO/IO/IO/IO/I
I/OI/OI/OI/OI/O
I/OI/OI/OI/OI/O
O/IO/IO/IO/IO/I
O/IO/IO/IO/IO/I
I/OI/OI/OI/OI/O
I/OI/OI/OI/OI/O
O/IO/IO/IO/IO/I
O/IO/IO/IO/IO/I
I/OI/OI/OI/OI/O
I/OI/OI/OI/OI/O
O/IO/IO/IO/IO/I
O/IO/IO/IO/IO/I
I/OI/OI/OI/OI/O
I/OI/OI/OI/OI/O
O/IO/IO/IO/IO/I
O/IO/IO/IO/IO/I
I/OI/OI/OI/OI/O
I/OI/OI/OI/OI/O
O/IO/IO/IO/IO/I
O/IO/IO/IO/IO/I
I/OI/OI/OI/OI/O
I/OI/OI/O//////
Case #45:
I/OI/OI/OI/OI/O
O/IO/IO/IO/IO/I
O/IO/IO/IO/IO/I
I/OI/OI/OI/OI/O
I/OI/OI/OI/OI/O
O/IO/IO/IO/IO/I
O/IO/IO/IO/IO/I
I/OI/OI/OI/OI/O
I/OI/OI/OI/OI/O
O/IO/IO/IO/IO/I
O/IO/IO/IO/IO/I
I/OI/OI/OI/OI/O
I/OI/OI/OI/OI/O
O/IO/IO/IO/IO/I
O/IO/IO/IO/IO/I
I/OI/OI/OI/OI/O
I/OI/OI/OI/OI/O
O/IO/IO/IO/IO/I
O/IO/IO/IO/IO/I
I/OI/OI/OI/OI/O
I/OI/OI/OI/OI/O
O/IO/IO/IO/IO/I
O/IO/IO/IO/IO/I
I/OI/OI/OI/OI/O
I/OI/OI/OI/OI/O
O/IO/IO/IO/IO/I
O/IO/IO/IO/IO/I
I/OI/OI/OI/OI/O
I/OI/OI/OI/OI/O
O/IO/IO/IO/IO/I
O/IO/IO/IO/IO/I
I/OI/OI/OI/OI/O
I/OI/OI/OI/OI/O
O/IO/IO/IO/IO/I
O/IO/IO/IO/IO/I
I/OI/OI/OI/OI/O
I/OI/OI/OI/OI/O
O/IO/IO/IO/I///
Case #46:
I/OI/OI/OI/OI/O
O/IO/IO/IO/IO/I
O/IO/IO/IO/IO/I
I/OI/OI/OI/OI/O
I/OI/OI/OI/OI/O
O/IO/IO/IO/IO/I
O/IO/IO/IO/IO/I
I/OI/OI/OI/OI/O
I/OI/OI/OI/OI/O
O/IO/IO/IO/IO/I
O/IO/IO/IO/IO/I
I/OI/OI/OI/OI/O
I/OI/OI/OI/OI/O
O/IO/IO/IO/IO/I
O/IO/IO/IO/IO/I
I/OI/OI/OI/OI/O
I/OI/OI/OI/OI/O
O/IO/IO/IO/IO/I
O/IO/IO/IO/IO/I
I/OI/OI/OI/OI/O
I/OI/OI/OI/OI/O
O/IO/IO/IO/IO/I
O/IO/IO/IO/IO/I
I/OI/OI/OI/OI/O
I/OI/OI/OI/OI/O
O/IO/IO/IO/IO/I
O/IO/IO/IO/IO/I
I/OI/OI/OI/OI/O
I/OI/OI/OI/OI/O
O/IO/IO/IO/IO/I
O/IO/IO/IO/IO/I
I/OI/OI/OI/OI/O
I/OI/OI/OI/OI/O
O/IO/IO/IO/IO/I
O/IO/IO/IO/IO/I
I/OI/OI/OI/OI/O
I/OI/OI/OI/OI/O
O/IO/IO/IO/IO/I
O/IO/IO/IO/IO/I
I/OI/OI/OI/OI/O
I/OI/OI/O//////
Case #47:
I/OI/OI/OI/OI/O
O/IO/IO/IO/IO/I
O/IO/IO/IO/IO/I
I/OI/OI/OI/OI/O
I/OI/OI/OI/OI/O
O/IO/IO/IO/IO/I
O/IO/IO/IO/IO/I
I/OI/OI/OI/OI/O
I/OI/OI/OI/OI/O
O/IO/IO/IO/IO/I
O/IO/IO/IO/IO/I
I/OI/OI/OI/OI/O
I/OI/OI/OI/OI/O
O/IO/IO/IO/IO/I
O/IO/IO/IO/IO/I
I/OI/OI/OI/OI/O
I/OI/OI/OI/OI/O
Case #48:
I/OI/OI/OI/OI/O
O/IO/IO/IO/IO/I
O/IO/IO/IO/IO/I
I/OI/OI/OI/OI/O
I/OI/OI/OI/OI/O
O/IO/IO/IO/IO/I
O/IO/IO/IO/IO/I
I/OI/OI/OI/OI/O
I/OI/OI/OI/OI/O
O/IO/IO/IO/IO/I
O/IO/IO/IO/IO/I
I/OI/OI/OI/OI/O
I/OI/OI/OI/OI/O
O/IO/IO/IO/IO/I
O/IO/IO/IO/IO/I
I/OI/OI/OI/OI/O
I/OI/OI/OI/OI/O
O/IO/IO/IO/IO/I
O/IO/IO/IO/IO/I
I/OI/OI/OI/OI/O
I/OI/OI/OI/OI/O
O/IO/IO/IO/IO/I
O/IO/IO/IO/IO/I
I/OI/OI/OI/OI/O
I/OI/OI/OI/OI/O
O/IO/IO/IO/IO/I
O/IO/IO/IO/IO/I
I/OI/OI/OI/OI/O
I/OI/OI/OI/OI/O
O/IO/IO/IO/IO/I
O/IO/I/////////
Case #49:
I/OI/OI/OI/OI/O
O/IO/IO/IO/IO/I
O/IO/IO/IO/IO/I
I/OI/OI/OI/OI/O
I/OI/OI/OI/OI/O
O/IO/IO/IO/IO/I
O/IO/IO/IO/IO/I
I/OI/OI/OI/OI/O
I/OI/OI/OI/OI/O
O/IO/IO/IO/IO/I
O/IO/IO/IO/IO/I
I/OI/OI/OI/OI/O
I/OI/OI/OI/OI/O
O/IO/IO/IO/IO/I
O/IO/IO/IO/IO/I
I/OI/OI/OI/OI/O
I/OI/OI/OI/OI/O
O/IO/IO/IO/IO/I
O/IO/IO/IO/IO/I
I/OI/OI/OI/OI/O
I/OI/OI/OI/OI/O
O/IO/IO/IO/IO/I
O/IO/IO/IO/IO/I
I/OI/OI/OI/OI/O
I/OI/OI/OI/OI/O
O/IO/IO/IO/IO/I
O/IO/IO/IO/IO/I
I/OI/OI/OI/OI/O
I/OI/OI/OI/OI/O
O/IO/IO/IO/IO/I
O/IO/IO/IO/IO/I
I/OI/OI/OI/OI/O
I/OI/OI/OI/OI/O
O/IO/IO/IO/IO/I
O/IO/IO/IO/IO/I
I/OI/OI/OI/OI/O
I/OI/OI/OI/OI/O
O/IO/IO/IO/IO/I
O/IO/IO/IO/IO/I
I/OI/OI/OI/OI/O
I/OI/OI/OI/OI/O
O/IO/IO/IO/IO/I
O/IO/IO/IO/IO/I
I/OI/OI/OI/OI/O
I/OI/OI/OI/OI/O
O/IO/IO/IO/IO/I
O/IO/IO/IO/IO/I
I/OI/OI/OI/OI/O
I/OI/OI/OI/OI/O
O/IO/IO/IO/IO/I
O/IO/IO/IO/IO/I
I/OI/OI/OI/OI/O
I/OI/OI/OI/OI/O
O/IO/IO/IO/IO/I
O/IO/IO/IO/IO/I
I/OI/OI/OI/OI/O
I/OI/OI/OI/OI/O
O/I////////////
Case #50:
I/OI/OI/OI/OI/O
O/IO/IO/IO/IO/I
O/IO/IO/IO/IO/I
I/OI/OI/OI/OI/O
I/OI/OI/OI/OI/O
O/IO/IO/IO/IO/I
O/IO/IO/IO/IO/I
I/OI/OI/OI/OI/O
I/OI/OI/OI/OI/O
O/IO/IO/IO/IO/I
O/IO/IO/IO/IO/I
I/OI/OI/OI/OI/O
I/OI/OI/OI/OI/O
O/IO/IO/IO/IO/I
O/IO/IO/IO/IO/I
I/OI/OI/OI/OI/O
I/OI/OI/OI/OI/O
O/IO/IO/IO/IO/I
O/IO/IO/IO/IO/I
I/OI/OI/OI/OI/O
I/OI/OI/OI/OI/O
O/IO/IO/IO/IO/I
O/IO/IO/IO/IO/I
I/OI/OI/OI/OI/O
I/OI/OI/OI/OI/O
O/IO/IO/IO/IO/I
O/IO/IO/IO/IO/I
I/OI/OI/OI/OI/O
I/OI/OI/OI/OI/O
O/IO/IO/IO/IO/I
O/IO/IO/IO/IO/I
I/OI/OI/OI/OI/O
I/OI/OI/OI/OI/O
O/IO/IO/IO/IO/I
O/IO/IO/IO/IO/I
I/OI/OI/OI/OI/O
I/OI/OI/OI/OI/O
O/IO/IO/IO/IO/I
O/IO/IO/IO/IO/I
I/OI/OI/OI/OI/O
I/OI/OI/OI/OI/O
O/IO/IO/IO/IO/I
O/IO/IO/IO/IO/I
I/OI/OI/OI/OI/O
I/OI/OI/OI/OI/O
O/IO/IO/IO/IO/I
O/IO/IO/IO/IO/I
I/OI/OI/OI/OI/O
I/OI/OI/OI/OI/O
O/IO/IO/IO/IO/I
O/IO/IO/IO/IO/I
I/OI/OI/OI/OI/O
I/OI/OI/OI/OI/O
O/IO/IO/IO/IO/I
O/IO/IO/IO/IO/I
I/OI/OI/OI/OI/O
I/OI/OI/O//////
Case #51:
I/OI/OI/OI/OI/O
O/IO/IO/IO/IO/I
O/IO/IO/IO/IO/I
I/OI/OI/OI/OI/O
I/OI/OI/OI/OI/O
O/IO/IO/IO/IO/I
O/IO/IO/IO/IO/I
I/OI/OI/OI/OI/O
I/OI/OI/OI/OI/O
O/IO/IO/IO/IO/I
O/IO/IO/IO/IO/I
I/OI/OI/OI/OI/O
I/OI/OI/OI/OI/O
O/IO/IO/IO/IO/I
O/IO/IO/IO/IO/I
I/OI/OI/OI/OI/O
I/OI/OI/OI/OI/O
O/IO/IO/IO/IO/I
O/IO/IO/IO/IO/I
I/OI/OI/OI/OI/O
I/OI/OI/OI/OI/O
O/IO/IO/IO/IO/I
O/IO/IO/IO/IO/I
I/OI/OI/OI/OI/O
I/OI/OI/OI/OI/O
O/IO/IO/IO/IO/I
O/IO/IO/IO/IO/I
I/OI/OI/OI/OI/O
I/OI/OI/OI/OI/O
O/IO/IO/IO/IO/I
O/IO/IO/IO/IO/I
I/OI/OI/OI/OI/O
I/OI/OI/OI/OI/O
O/IO/IO/IO/IO/I
O/IO/IO/IO/IO/I
I/OI/OI/O//////
Case #52:
I/OI/OI/OI/OI/O
O/IO/IO/IO/IO/I
O/IO/IO/IO/IO/I
Case #53:
I/OI/OI/OI/OI/O
O/IO/IO/IO/IO/I
O/IO/IO/IO/IO/I
I/OI/OI/OI/O///
Case #54:
I/O////////////
Case #55:
I/OI/OI/OI/O///
Case #56:
I/OI/OI/O//////
Case #57:
I/OI/OI/OI/OI/O
O/IO/IO/IO/IO/I
O/IO/IO/IO/IO/I
I/OI/OI/O//////
Case #58:
I/OI/OI/OI/OI/O
O/IO/IO/IO/IO/I
O/IO/IO/IO/IO/I
I/OI/OI/OI/OI/O
I/OI/OI/OI/OI/O
O/IO/IO/IO/IO/I
O/IO/IO/IO/IO/I
I/OI/OI/OI/OI/O
I/OI/OI/OI/OI/O
O/IO/IO/IO/IO/I
O/IO/IO/IO/IO/I
I/OI/OI/OI/OI/O
I/OI/OI/O//////
Case #59:
I/OI/OI/OI/OI/O
O/IO/IO/IO/IO/I
O/IO/IO/IO/IO/I
I/OI/OI/OI/OI/O
I/OI/OI/OI/OI/O
O/IO/IO/IO/IO/I
O/IO/IO/IO/IO/I
I/OI/OI/OI/OI/O
I/OI/OI/OI/OI/O
O/IO/IO/IO/IO/I
O/IO/IO/IO/IO/I
I/OI/OI/OI/OI/O
I/OI/OI/OI/OI/O
O/IO/IO/IO/IO/I
O/IO/IO/IO/IO/I
I/OI/OI/OI/OI/O
I/OI/OI/OI/OI/O
O/IO/IO/IO/IO/I
O/IO/IO/IO/IO/I
I/OI/OI/OI/OI/O
I/OI/OI/OI/OI/O
O/IO/IO/IO/IO/I
O/IO/IO/IO/IO/I
I/OI/OI/OI/OI/O
I/OI/OI/OI/OI/O
O/IO/IO/IO/IO/I
O/IO/IO/IO/IO/I
I/OI/OI/OI/OI/O
I/OI/OI/OI/OI/O
O/IO/IO/IO/IO/I
O/IO/IO/IO/IO/I
I/OI/OI/OI/OI/O
I/OI/OI/OI/OI/O
O/IO/IO/IO/IO/I
O/IO/IO/IO/IO/I
I/OI/OI/OI/OI/O
I/OI/OI/OI/OI/O
O/IO/IO/IO/IO/I
O/IO/IO/IO/IO/I
I/OI/OI/OI/OI/O
I/OI/OI/OI/OI/O
O/IO/IO/IO/IO/I
O/IO/IO/IO/IO/I
I/OI/OI/OI/OI/O
I/OI/OI/OI/OI/O
O/IO/IO/IO/IO/I
O/IO/IO/IO/IO/I
I/OI/OI/OI/OI/O
I/OI/OI/OI/OI/O
O/IO/IO/IO/IO/I
O/IO/IO/IO/IO/I
I/OI/OI/OI/OI/O
I/OI/OI/OI/OI/O
O/IO/I/////////
Case #60:
I/OI/OI/OI/OI/O
O/IO/IO/IO/IO/I
O/IO/IO/IO/IO/I
I/OI/OI/OI/OI/O
I/OI/OI/OI/OI/O
O/IO/IO/IO/IO/I
O/IO/IO/IO/IO/I
I/OI/OI/OI/O///
Case #61:
I/OI/OI/OI/OI/O
O/IO/IO/IO/IO/I
O/IO/IO/IO/IO/I
I/OI/OI/OI/OI/O
I/OI/OI/OI/OI/O
O/IO/IO/IO/IO/I
O/IO/IO/IO/IO/I
I/OI/OI/OI/OI/O
I/OI/OI/OI/OI/O
O/IO/I/////////
Case #62:
I/OI/OI/OI/OI/O
O/IO/IO/IO/IO/I
O/IO/IO/IO/IO/I
I/OI/OI/OI/OI/O
I/OI/OI/OI/OI/O
O/IO/IO/IO/IO/I
O/IO/IO/IO/IO/I
I/OI/OI/OI/OI/O
I/OI/OI/OI/OI/O
O/IO/IO/IO/IO/I
O/IO/IO/IO/IO/I
I/OI/OI/OI/OI/O
I/OI/OI/OI/OI/O
O/IO/IO/IO/IO/I
O/IO/IO/IO/IO/I
I/OI/OI/OI/OI/O
I/OI/OI/OI/OI/O
O/IO/IO/IO/IO/I
O/IO/IO/IO/IO/I
I/OI/OI/OI/OI/O
I/OI/OI/OI/OI/O
O/IO/IO/IO/IO/I
O/IO/IO/IO/IO/I
I/OI/OI/OI/OI/O
I/OI/OI/OI/OI/O
O/IO/IO/IO/IO/I
O/IO/IO/IO/IO/I
I/OI/OI/OI/OI/O
I/OI/OI/OI/OI/O
O/IO/IO/IO/IO/I
O/IO/IO/IO/IO/I
I/OI/OI/OI/OI/O
I/OI/OI/OI/OI/O
O/IO/IO/IO/IO/I
O/IO/IO/IO/IO/I
I/OI/OI/OI/OI/O
I/OI/OI/OI/OI/O
O/IO/IO/IO/IO/I
O/I////////////
Case #63:
I/OI/OI/OI/OI/O
O/IO/IO/IO/IO/I
O/IO/IO/IO/IO/I
I/OI/OI/OI/OI/O
I/OI/OI/OI/OI/O
O/IO/IO/IO/IO/I
O/IO/IO/IO/IO/I
I/OI/OI/OI/OI/O
I/OI/OI/OI/OI/O
O/IO/IO/IO/IO/I
O/IO/IO/IO/IO/I
I/OI/OI/OI/OI/O
I/OI/OI/OI/OI/O
O/IO/IO/IO/IO/I
O/IO/IO/IO/IO/I
I/OI/OI/OI/OI/O
I/OI/OI/OI/OI/O
O/IO/IO/IO/IO/I
O/IO/IO/IO/IO/I
I/OI/OI/OI/OI/O
I/OI/OI/OI/OI/O
O/IO/IO/IO/IO/I
O/IO/IO/IO/IO/I
I/OI/OI/OI/OI/O
I/OI/OI/OI/OI/O
O/IO/IO/IO/IO/I
O/IO/IO/IO/IO/I
I/OI/OI/OI/OI/O
I/OI/OI/OI/OI/O
O/IO/IO/IO/IO/I
O/IO/IO/IO/IO/I
I/OI/OI/OI/OI/O
I/OI/OI/OI/OI/O
O/IO/IO/IO/IO/I
O/IO/IO/IO/IO/I
I/OI/OI/OI/OI/O
I/OI/OI/OI/OI/O
O/IO/IO/IO/IO/I
O/IO/IO/IO/IO/I
I/OI/OI/OI/OI/O
I/OI/OI/OI/OI/O
O/IO/IO/IO/IO/I
O/IO/IO/IO/IO/I
I/OI/OI/OI/OI/O
I/OI/OI/OI/OI/O
O/IO/IO/IO/IO/I
O/IO/IO/IO/IO/I
I/OI/OI/OI/OI/O
I/OI/OI/OI/OI/O
O/IO/IO/IO/IO/I
O/IO/IO/IO/IO/I
I/OI/OI/OI/OI/O
I/OI/O/////////
Case #64:
I/OI/OI/OI/OI/O
O/IO/IO/IO/IO/I
O/IO/IO/IO/IO/I
I/OI/OI/OI/OI/O
I/OI/OI/OI/OI/O
O/IO/IO/IO/IO/I
O/IO/IO/IO/IO/I
I/OI/OI/OI/OI/O
I/OI/OI/OI/OI/O
O/IO/IO/IO/IO/I
O/IO/IO/IO/IO/I
I/OI/OI/OI/OI/O
I/OI/OI/OI/OI/O
O/IO/IO/IO/IO/I
O/IO/IO/IO/IO/I
I/OI/OI/OI/OI/O
I/OI/OI/OI/OI/O
O/IO/IO/IO/IO/I
O/IO/IO/IO/IO/I
I/OI/OI/OI/OI/O
I/OI/OI/OI/OI/O
O/IO/IO/IO/IO/I
O/IO/IO/IO/IO/I
I/OI/OI/OI/OI/O
I/OI/OI/OI/OI/O
O/IO/IO/IO/IO/I
Case #65:
I/OI/OI/OI/OI/O
O/IO/IO/IO/IO/I
O/IO/IO/I//////
Case #66:
I/OI/OI/OI/OI/O
O/IO/IO/IO/IO/I
O/IO/IO/IO/IO/I
I/OI/OI/OI/OI/O
I/OI/OI/OI/OI/O
O/IO/IO/IO/IO/I
O/IO/IO/IO/IO/I
I/OI/OI/OI/OI/O
I/OI/OI/OI/OI/O
O/IO/IO/IO/IO/I
O/IO/IO/IO/IO/I
I/OI/OI/OI/OI/O
I/OI/OI/OI/OI/O
O/IO/IO/IO/IO/I
O/IO/IO/IO/IO/I
I/OI/OI/OI/OI/O
I/OI/OI/OI/OI/O
O/IO/IO/IO/IO/I
O/IO/IO/IO/IO/I
I/OI/OI/OI/OI/O
I/OI/OI/OI/OI/O
O/IO/IO/IO/IO/I
O/IO/IO/IO/IO/I
I/OI/OI/OI/OI/O
I/OI/OI/OI/OI/O
O/IO/IO/IO/IO/I
O/IO/IO/IO/IO/I
I/OI/OI/OI/OI/O
I/OI/OI/OI/OI/O
O/IO/IO/IO/IO/I
O/IO/IO/IO/IO/I
I/OI/OI/OI/OI/O
I/OI/OI/OI/OI/O
O/IO/IO/IO/IO/I
O/IO/IO/IO/IO/I
I/OI/OI/OI/OI/O
I/OI/OI/OI/O///
Case #67:
I/OI/OI/OI/OI/O
O/IO/IO/IO/IO/I
O/IO/IO/IO/IO/I
I/OI/OI/OI/OI/O
I/OI/OI/OI/OI/O
O/IO/IO/IO/IO/I
O/IO/IO/IO/IO/I
I/OI/OI/OI/OI/O
I/OI/OI/OI/OI/O
O/IO/IO/IO/IO/I
O/IO/IO/IO/IO/I
I/OI/OI/OI/OI/O
I/OI/OI/OI/OI/O
O/IO/IO/IO/IO/I
O/IO/IO/IO/IO/I
I/OI/OI/OI/OI/O
I/OI/OI/OI/OI/O
O/IO/IO/IO/IO/I
O/IO/IO/IO/IO/I
I/OI/OI/OI/OI/O
Case #68:
I/OI/OI/OI/OI/O
O/IO/IO/IO/IO/I
O/IO/IO/IO/IO/I
I/OI/OI/OI/OI/O
I/OI/OI/OI/OI/O
O/IO/IO/IO/IO/I
O/IO/IO/IO/IO/I
I/OI/OI/OI/OI/O
I/OI/OI/OI/OI/O
O/IO/IO/IO/IO/I
O/IO/IO/IO/IO/I
I/OI/OI/OI/OI/O
I/OI/OI/OI/OI/O
O/IO/IO/IO/IO/I
O/IO/IO/IO/IO/I
I/OI/OI/OI/OI/O
I/OI/OI/OI/OI/O
O/IO/IO/IO/IO/I
O/IO/IO/IO/IO/I
I/OI/OI/OI/O///
Case #69:
I/OI/OI/OI/OI/O
O/IO/IO/IO/IO/I
O/IO/I/////////
Case #70:
I/OI/OI/OI/OI/O
Case #71:
I/OI/OI/OI/OI/O
O/IO/IO/IO/IO/I
O/IO/IO/IO/IO/I
I/OI/OI/OI/OI/O
I/OI/OI/OI/OI/O
O/IO/IO/IO/IO/I
O/IO/IO/IO/IO/I
I/OI/OI/OI/OI/O
I/OI/OI/OI/OI/O
O/IO/IO/IO/IO/I
O/IO/IO/IO/IO/I
I/OI/OI/OI/OI/O
I/OI/OI/OI/OI/O
O/IO/IO/IO/IO/I
O/IO/IO/IO/IO/I
I/OI/OI/OI/OI/O
I/OI/OI/OI/OI/O
O/IO/IO/IO/IO/I
O/IO/IO/IO/IO/I
I/OI/OI/OI/OI/O
I/OI/OI/OI/OI/O
O/IO/IO/IO/IO/I
O/IO/IO/IO/IO/I
I/OI/OI/OI/OI/O
I/OI/OI/OI/OI/O
O/IO/IO/IO/IO/I
O/IO/IO/IO/IO/I
I/OI/OI/OI/OI/O
I/OI/OI/OI/OI/O
O/IO/IO/IO/IO/I
O/IO/IO/IO/IO/I
I/OI/OI/OI/OI/O
I/OI/OI/OI/OI/O
O/IO/IO/IO/IO/I
O/IO/IO/IO/IO/I
I/OI/OI/OI/OI/O
I/OI/OI/OI/OI/O
O/IO/IO/IO/IO/I
O/IO/IO/IO/IO/I
I/OI/OI/OI/OI/O
I/OI/OI/OI/OI/O
O/IO/IO/IO/IO/I
O/IO/IO/IO/IO/I
I/OI/OI/OI/OI/O
I/OI/OI/OI/OI/O
O/IO/IO/IO/IO/I
O/IO/IO/IO/IO/I
I/OI/OI/OI/OI/O
I/OI/OI/OI/OI/O
O/IO/IO/IO/IO/I
O/IO/IO/IO/IO/I
I/OI/OI/OI/OI/O
I/OI/OI/OI/OI/O
O/IO/IO/IO/IO/I
O/IO/IO/IO/IO/I
I/OI/OI/OI/OI/O
I/OI/OI/OI/OI/O
O/IO/I/////////
Case #72:
I/OI/OI/OI/OI/O
O/IO/IO/IO/IO/I
O/IO/IO/IO/IO/I
I/OI/OI/OI/OI/O
I/OI/OI/OI/OI/O
O/IO/IO/IO/IO/I
O/IO/IO/IO/IO/I
I/OI/OI/OI/OI/O
I/OI/OI/OI/OI/O
O/IO/IO/IO/IO/I
O/IO/IO/IO/IO/I
I/OI/OI/OI/OI/O
I/OI/OI/OI/OI/O
O/IO/IO/IO/IO/I
O/IO/IO/IO/IO/I
I/OI/OI/OI/OI/O
I/OI/OI/OI/OI/O
O/IO/IO/IO/IO/I
O/IO/IO/IO/IO/I
I/OI/OI/OI/OI/O
I/OI/OI/OI/OI/O
O/IO/IO/IO/IO/I
O/IO/IO/IO/IO/I
I/OI/OI/OI/OI/O
I/OI/OI/OI/OI/O
O/IO/IO/IO/IO/I
O/IO/IO/IO/IO/I
I/OI/OI/OI/OI/O
I/O////////////
Case #73:
I/OI/OI/OI/OI/O
O/IO/IO/IO/IO/I
O/IO/IO/IO/IO/I
I/OI/OI/OI/OI/O
I/OI/OI/OI/OI/O
O/IO/IO/IO/IO/I
O/IO/IO/IO/IO/I
I/OI/OI/OI/OI/O
I/OI/OI/OI/OI/O
O/IO/IO/IO/IO/I
O/IO/IO/IO/IO/I
I/OI/OI/OI/OI/O
I/OI/OI/OI/OI/O
O/IO/IO/IO/IO/I
O/IO/IO/IO/IO/I
I/OI/OI/OI/OI/O
I/OI/OI/OI/OI/O
O/IO/IO/IO/IO/I
O/IO/IO/IO/IO/I
I/OI/OI/OI/OI/O
I/OI/OI/OI/OI/O
O/IO/IO/IO/IO/I
O/IO/IO/IO/IO/I
I/OI/OI/OI/OI/O
I/OI/OI/OI/OI/O
O/IO/IO/IO/IO/I
O/IO/IO/IO/IO/I
I/OI/OI/OI/OI/O
I/OI/OI/OI/OI/O
O/IO/IO/IO/IO/I
O/IO/IO/IO/IO/I
I/OI/OI/OI/OI/O
I/OI/OI/OI/OI/O
O/IO/IO/IO/IO/I
O/IO/IO/IO/IO/I
I/OI/OI/OI/OI/O
I/OI/OI/OI/OI/O
O/IO/IO/IO/IO/I
O/IO/IO/IO/IO/I
I/OI/OI/OI/OI/O
I/OI/OI/OI/OI/O
O/IO/IO/IO/IO/I
O/IO/IO/IO/IO/I
I/OI/OI/OI/OI/O
I/OI/OI/OI/OI/O
O/IO/IO/IO/IO/I
O/IO/IO/IO/I///
Case #74:
I/OI/OI/OI/OI/O
O/IO/IO/IO/IO/I
O/IO/IO/IO/IO/I
I/OI/OI/OI/OI/O
I/OI/OI/OI/OI/O
O/IO/IO/IO/IO/I
O/IO/IO/IO/IO/I
I/OI/OI/OI/OI/O
I/OI/OI/OI/OI/O
O/IO/IO/IO/IO/I
O/IO/IO/IO/IO/I
I/OI/OI/OI/OI/O
I/OI/OI/OI/OI/O
O/IO/IO/IO/IO/I
O/IO/IO/IO/IO/I
I/OI/OI/OI/OI/O
I/OI/OI/OI/OI/O
O/IO/IO/IO/IO/I
O/IO/IO/IO/IO/I
I/OI/OI/OI/OI/O
I/OI/OI/OI/OI/O
O/IO/IO/IO/IO/I
O/IO/IO/IO/IO/I
I/OI/OI/OI/OI/O
I/OI/OI/OI/OI/O
O/IO/IO/IO/IO/I
O/IO/IO/IO/IO/I
I/OI/OI/OI/OI/O
I/OI/OI/OI/OI/O
O/IO/IO/IO/IO/I
O/IO/IO/IO/IO/I
I/OI/OI/OI/OI/O
I/OI/OI/OI/OI/O
O/IO/IO/IO/IO/I
O/IO/IO/IO/IO/I
I/O////////////
Case #75:
I/OI/OI/OI/OI/O
O/IO/IO/IO/IO/I
O/IO/IO/IO/IO/I
I/OI/OI/OI/OI/O
I/OI/OI/OI/OI/O
O/IO/IO/IO/IO/I
O/IO/IO/IO/IO/I
I/OI/OI/OI/OI/O
I/OI/OI/OI/OI/O
O/IO/IO/IO/IO/I
O/IO/IO/IO/IO/I
I/OI/OI/OI/OI/O
I/OI/OI/OI/OI/O
O/IO/IO/IO/IO/I
O/IO/IO/IO/IO/I
I/OI/OI/OI/OI/O
I/OI/OI/OI/OI/O
O/IO/IO/IO/IO/I
O/IO/IO/IO/IO/I
I/OI/OI/O//////
Case #76:
I/OI/OI/OI/OI/O
O/IO/IO/IO/IO/I
O/IO/IO/IO/IO/I
I/OI/OI/OI/OI/O
I/OI/OI/OI/OI/O
O/IO/IO/IO/I///
Case #77:
I/OI/OI/OI/OI/O
O/IO/IO/IO/IO/I
O/IO/IO/IO/IO/I
I/OI/OI/OI/OI/O
I/OI/OI/OI/OI/O
O/IO/IO/IO/IO/I
O/IO/IO/IO/IO/I
I/OI/OI/OI/OI/O
I/OI/OI/OI/OI/O
O/IO/IO/IO/IO/I
O/IO/IO/IO/IO/I
I/OI/OI/OI/OI/O
I/OI/OI/OI/OI/O
O/IO/IO/IO/IO/I
O/IO/IO/IO/IO/I
I/OI/OI/OI/OI/O
I/OI/OI/OI/OI/O
O/IO/IO/IO/IO/I
O/IO/IO/IO/IO/I
I/OI/OI/OI/OI/O
I/OI/OI/OI/OI/O
O/IO/IO/IO/IO/I
O/IO/IO/IO/IO/I
I/OI/OI/OI/OI/O
I/OI/OI/OI/OI/O
O/IO/IO/IO/IO/I
O/I////////////
Case #78:
I/OI/OI/OI/OI/O
O/IO/IO/IO/IO/I
O/IO/IO/IO/IO/I
I/OI/OI/OI/OI/O
I/OI/OI/OI/OI/O
O/IO/IO/IO/IO/I
O/IO/IO/IO/IO/I
I/OI/OI/OI/OI/O
I/OI/OI/OI/OI/O
O/IO/IO/IO/IO/I
O/IO/IO/IO/IO/I
I/OI/OI/OI/OI/O
I/OI/OI/OI/OI/O
O/IO/IO/IO/IO/I
O/IO/IO/IO/IO/I
I/OI/OI/OI/OI/O
I/OI/OI/OI/OI/O
O/IO/IO/IO/IO/I
O/IO/IO/IO/IO/I
I/OI/OI/OI/OI/O
I/OI/OI/OI/OI/O
O/IO/IO/IO/IO/I
O/IO/IO/IO/IO/I
I/OI/OI/OI/OI/O
I/OI/OI/OI/OI/O
O/IO/IO/IO/IO/I
O/IO/IO/IO/IO/I
I/OI/OI/OI/OI/O
I/OI/OI/OI/OI/O
O/IO/IO/IO/IO/I
O/IO/IO/IO/IO/I
I/OI/OI/OI/OI/O
I/OI/OI/OI/OI/O
O/IO/IO/IO/IO/I
O/IO/IO/IO/IO/I
I/OI/OI/OI/OI/O
I/OI/OI/OI/OI/O
O/IO/IO/IO/IO/I
O/IO/IO/IO/IO/I
I/OI/OI/OI/OI/O
I/OI/OI/OI/OI/O
O/IO/IO/IO/IO/I
O/IO/IO/IO/IO/I
I/OI/OI/OI/OI/O
I/OI/OI/OI/OI/O
O/IO/IO/IO/IO/I
O/IO/IO/IO/IO/I
Case #79:
I/OI/OI/OI/OI/O
O/IO/IO/IO/I///
Case #80:
I/OI/OI/OI/OI/O
O/IO/IO/IO/IO/I
O/IO/IO/IO/IO/I
I/OI/OI/OI/OI/O
I/OI/OI/OI/OI/O
O/IO/IO/IO/IO/I
O/IO/IO/IO/IO/I
I/OI/OI/OI/OI/O
I/OI/OI/OI/OI/O
O/IO/IO/IO/IO/I
O/IO/IO/IO/IO/I
I/OI/OI/OI/OI/O
I/OI/OI/OI/OI/O
O/IO/IO/IO/IO/I
O/IO/IO/IO/IO/I
I/OI/OI/OI/OI/O
I/OI/OI/OI/OI/O
O/IO/IO/IO/IO/I
O/IO/IO/IO/IO/I
I/OI/OI/OI/OI/O
I/OI/OI/OI/OI/O
O/IO/IO/IO/IO/I
O/IO/IO/IO/IO/I
I/OI/OI/OI/OI/O
I/OI/OI/OI/OI/O
O/IO/IO/IO/IO/I
O/IO/IO/IO/IO/I
I/OI/OI/OI/OI/O
I/OI/OI/O//////
Case #81:
I/OI/OI/OI/OI/O
O/IO/IO/IO/IO/I
O/IO/IO/IO/IO/I
I/OI/OI/OI/OI/O
I/OI/OI/OI/OI/O
O/IO/IO/IO/IO/I
O/IO/IO/IO/IO/I
I/OI/OI/OI/OI/O
I/OI/OI/OI/OI/O
O/IO/IO/IO/IO/I
O/IO/IO/IO/IO/I
I/OI/OI/OI/OI/O
I/OI/OI/OI/OI/O
O/IO/IO/IO/IO/I
O/IO/IO/IO/IO/I
I/OI/OI/OI/OI/O
I/OI/OI/OI/OI/O
O/IO/IO/IO/IO/I
O/IO/IO/IO/IO/I
I/OI/OI/OI/OI/O
I/OI/OI/OI/OI/O
O/IO/IO/IO/IO/I
O/IO/IO/IO/IO/I
I/OI/OI/OI/OI/O
I/OI/OI/OI/OI/O
O/IO/IO/IO/IO/I
O/IO/IO/IO/IO/I
I/OI/OI/OI/OI/O
I/OI/OI/OI/OI/O
O/IO/IO/IO/IO/I
O/IO/IO/IO/IO/I
I/OI/OI/OI/OI/O
I/OI/OI/OI/OI/O
O/IO/IO/IO/IO/I
O/IO/IO/IO/IO/I
I/OI/OI/OI/OI/O
I/OI/OI/OI/OI/O
O/IO/IO/IO/IO/I
O/IO/IO/IO/IO/I
I/OI/OI/OI/OI/O
I/OI/OI/OI/OI/O
O/IO/IO/IO/IO/I
O/IO/IO/IO/IO/I
I/O////////////
Case #82:
I/OI/OI/OI/OI/O
O/IO/IO/IO/IO/I
O/IO/IO/IO/IO/I
I/OI/OI/OI/OI/O
I/OI/OI/OI/OI/O
O/IO/IO/IO/IO/I
O/IO/IO/IO/IO/I
I/OI/OI/OI/OI/O
I/OI/OI/OI/OI/O
O/IO/IO/IO/IO/I
O/IO/IO/IO/IO/I
I/OI/OI/OI/OI/O
I/OI/OI/OI/OI/O
O/IO/IO/IO/IO/I
O/IO/IO/IO/IO/I
I/OI/OI/OI/OI/O
I/OI/OI/OI/OI/O
O/IO/IO/IO/IO/I
O/IO/IO/IO/IO/I
I/OI/OI/OI/OI/O
I/OI/OI/OI/OI/O
O/IO/IO/IO/IO/I
O/IO/IO/IO/IO/I
I/OI/OI/OI/OI/O
I/OI/OI/OI/OI/O
O/IO/IO/IO/IO/I
O/IO/IO/IO/IO/I
I/OI/OI/OI/OI/O
I/OI/OI/OI/OI/O
O/IO/IO/IO/IO/I
O/IO/IO/IO/IO/I
I/OI/OI/OI/OI/O
I/OI/OI/OI/OI/O
O/IO/IO/IO/IO/I
O/IO/IO/IO/IO/I
I/OI/OI/OI/OI/O
I/OI/OI/OI/OI/O
O/IO/IO/IO/IO/I
O/IO/IO/IO/IO/I
I/OI/OI/OI/OI/O
I/OI/O/////////
Case #83:
I/OI/OI/OI/OI/O
O/IO/IO/IO/IO/I
O/IO/IO/IO/IO/I
I/OI/OI/OI/OI/O
I/OI/OI/OI/OI/O
O/IO/IO/IO/IO/I
O/IO/IO/IO/IO/I
I/OI/OI/OI/OI/O
I/OI/OI/OI/OI/O
O/IO/IO/IO/IO/I
O/IO/IO/IO/IO/I
I/OI/OI/OI/OI/O
I/OI/OI/OI/OI/O
O/IO/IO/IO/IO/I
O/IO/IO/IO/IO/I
I/OI/OI/OI/OI/O
I/OI/O/////////
Case #84:
I/OI/OI/OI/OI/O
O/IO/IO/IO/IO/I
O/IO/IO/IO/IO/I
I/OI/OI/OI/OI/O
I/OI/OI/OI/OI/O
O/I////////////
Case #85:
I/OI/OI/OI/OI/O
O/IO/IO/IO/IO/I
O/IO/IO/IO/IO/I
I/OI/OI/OI/OI/O
I/OI/OI/OI/OI/O
O/IO/IO/IO/IO/I
O/IO/IO/IO/IO/I
I/OI/OI/OI/OI/O
I/OI/OI/OI/OI/O
O/IO/IO/IO/IO/I
O/IO/IO/IO/IO/I
I/OI/OI/OI/OI/O
I/OI/OI/OI/OI/O
O/IO/IO/IO/IO/I
O/IO/IO/IO/IO/I
I/OI/OI/OI/OI/O
I/OI/OI/O//////
Case #86:
I/OI/OI/OI/OI/O
O/IO/IO/IO/IO/I
O/IO/IO/IO/IO/I
I/OI/OI/OI/OI/O
I/OI/OI/OI/OI/O
O/IO/IO/IO/IO/I
O/IO/IO/IO/IO/I
I/OI/OI/OI/OI/O
I/OI/OI/OI/OI/O
O/IO/IO/IO/IO/I
O/IO/IO/IO/IO/I
I/OI/OI/OI/OI/O
I/OI/OI/OI/OI/O
O/IO/IO/IO/IO/I
O/IO/IO/IO/IO/I
I/OI/OI/OI/OI/O
I/OI/OI/OI/OI/O
O/IO/IO/IO/IO/I
O/IO/IO/IO/IO/I
I/OI/OI/OI/OI/O
I/OI/OI/OI/OI/O
O/IO/IO/IO/IO/I
O/IO/IO/IO/IO/I
I/OI/OI/OI/OI/O
I/OI/OI/OI/OI/O
O/IO/IO/IO/IO/I
O/IO/IO/IO/IO/I
Case #87:
I/OI/OI/OI/OI/O
O/IO/IO/IO/IO/I
O/IO/IO/IO/IO/I
I/OI/OI/OI/OI/O
I/OI/OI/OI/OI/O
O/IO/IO/IO/IO/I
O/IO/IO/IO/IO/I
I/OI/OI/OI/OI/O
I/OI/OI/OI/OI/O
O/IO/IO/IO/IO/I
O/IO/IO/IO/IO/I
I/OI/OI/OI/OI/O
I/OI/OI/OI/OI/O
O/IO/IO/IO/IO/I
O/IO/IO/IO/IO/I
I/OI/OI/OI/OI/O
I/OI/OI/OI/OI/O
O/IO/IO/IO/IO/I
O/IO/IO/IO/IO/I
I/OI/OI/OI/OI/O
I/OI/OI/OI/OI/O
O/IO/IO/IO/IO/I
O/IO/IO/IO/IO/I
I/OI/OI/OI/OI/O
I/OI/OI/OI/OI/O
O/IO/IO/IO/IO/I
O/IO/IO/IO/IO/I
I/OI/OI/OI/OI/O
I/OI/OI/OI/OI/O
O/IO/IO/IO/IO/I
O/IO/IO/IO/IO/I
I/OI/OI/OI/OI/O
I/OI/OI/OI/OI/O
O/IO/IO/IO/IO/I
O/IO/IO/IO/IO/I
I/OI/OI/OI/OI/O
I/OI/OI/OI/OI/O
O/IO/IO/IO/IO/I
O/IO/IO/IO/IO/I
I/OI/OI/OI/OI/O
I/OI/OI/OI/OI/O
O/IO/IO/IO/IO/I
O/IO/IO/IO/IO/I
I/OI/OI/OI/OI/O
I/O////////////
Case #88:
I/OI/OI/OI/OI/O
O/IO/IO/IO/IO/I
O/IO/IO/IO/IO/I
I/OI/OI/OI/OI/O
I/OI/OI/OI/OI/O
O/IO/IO/IO/IO/I
O/IO/IO/IO/IO/I
I/OI/OI/OI/OI/O
Case #89:
I/OI/OI/OI/OI/O
O/IO/IO/IO/IO/I
O/IO/IO/IO/IO/I
I/OI/OI/OI/OI/O
I/OI/OI/OI/OI/O
O/IO/IO/IO/IO/I
O/IO/IO/IO/IO/I
I/OI/OI/OI/OI/O
I/OI/OI/OI/OI/O
O/IO/IO/IO/IO/I
O/IO/IO/IO/IO/I
I/OI/OI/OI/OI/O
I/OI/OI/OI/OI/O
O/IO/IO/IO/IO/I
O/IO/IO/IO/IO/I
I/OI/OI/OI/OI/O
I/OI/OI/OI/OI/O
O/IO/IO/IO/IO/I
O/IO/IO/IO/IO/I
I/OI/OI/OI/OI/O
I/OI/OI/OI/OI/O
O/IO/IO/IO/IO/I
O/IO/IO/IO/IO/I
I/OI/OI/OI/OI/O
I/OI/OI/OI/OI/O
O/IO/IO/IO/IO/I
O/IO/IO/IO/IO/I
I/OI/OI/OI/OI/O
I/OI/O/////////
Case #90:
I/OI/OI/OI/OI/O
O/IO/IO/IO/IO/I
O/IO/IO/IO/IO/I
I/OI/OI/OI/OI/O
I/OI/OI/OI/OI/O
O/IO/IO/IO/IO/I
O/IO/IO/IO/IO/I
I/OI/OI/OI/OI/O
I/OI/OI/OI/OI/O
O/IO/IO/IO/IO/I
O/IO/IO/IO/IO/I
I/OI/OI/OI/OI/O
I/OI/OI/OI/OI/O
O/IO/IO/IO/IO/I
O/IO/IO/IO/IO/I
I/OI/OI/OI/OI/O
I/OI/OI/OI/OI/O
O/IO/IO/IO/IO/I
O/IO/IO/IO/IO/I
I/OI/OI/OI/OI/O
I/OI/OI/OI/OI/O
O/IO/IO/IO/IO/I
O/IO/IO/IO/IO/I
I/OI/OI/OI/OI/O
I/OI/OI/OI/OI/O
O/IO/IO/IO/IO/I
O/IO/IO/IO/IO/I
I/OI/OI/OI/OI/O
I/OI/OI/OI/OI/O
O/IO/IO/IO/IO/I
O/IO/IO/IO/IO/I
I/OI/OI/OI/OI/O
I/OI/OI/OI/OI/O
O/IO/IO/IO/IO/I
O/IO/IO/IO/IO/I
I/OI/OI/OI/OI/O
I/OI/OI/OI/OI/O
O/IO/IO/IO/IO/I
O/IO/IO/IO/IO/I
I/OI/OI/OI/OI/O
I/OI/OI/OI/OI/O
O/IO/IO/IO/IO/I
O/IO/IO/IO/IO/I
I/OI/OI/OI/OI/O
I/OI/OI/OI/OI/O
O/IO/IO/IO/IO/I
O/IO/I/////////
Case #91:
I/OI/OI/OI/OI/O
O/IO/IO/IO/IO/I
O/IO/IO/IO/IO/I
I/OI/OI/OI/OI/O
I/OI/OI/OI/OI/O
O/IO/IO/IO/IO/I
O/IO/IO/IO/IO/I
I/OI/OI/O//////
Case #92:
I/OI/OI/OI/OI/O
O/IO/IO/IO/IO/I
O/IO/IO/IO/IO/I
I/OI/OI/OI/OI/O
I/OI/OI/OI/OI/O
O/IO/IO/IO/IO/I
O/IO/IO/IO/IO/I
I/OI/OI/OI/OI/O
I/OI/OI/OI/OI/O
O/IO/IO/IO/IO/I
O/IO/IO/IO/IO/I
I/OI/OI/OI/OI/O
I/OI/OI/OI/OI/O
O/IO/IO/IO/IO/I
O/IO/IO/IO/IO/I
I/OI/OI/OI/OI/O
I/OI/OI/OI/OI/O
O/IO/IO/IO/IO/I
O/IO/IO/IO/IO/I
I/OI/OI/OI/OI/O
I/OI/OI/OI/OI/O
O/IO/IO/IO/IO/I
O/IO/IO/IO/IO/I
I/OI/OI/OI/OI/O
I/OI/OI/OI/OI/O
O/IO/IO/IO/IO/I
O/IO/IO/IO/IO/I
I/OI/OI/OI/OI/O
I/OI/OI/OI/OI/O
O/IO/IO/IO/IO/I
O/IO/IO/IO/IO/I
I/OI/OI/OI/OI/O
I/OI/OI/OI/OI/O
O/IO/IO/IO/IO/I
O/IO/IO/IO/IO/I
I/OI/OI/OI/OI/O
I/OI/OI/OI/OI/O
O/IO/IO/IO/IO/I
O/IO/IO/IO/IO/I
I/OI/OI/OI/OI/O
I/OI/OI/OI/OI/O
O/IO/IO/IO/IO/I
O/IO/IO/IO/IO/I
I/OI/OI/OI/OI/O
I/OI/OI/OI/OI/O
O/IO/IO/IO/IO/I
O/IO/IO/IO/IO/I
I/OI/OI/OI/OI/O
I/OI/OI/OI/OI/O
O/IO/IO/IO/IO/I
O/IO/IO/IO/IO/I
I/OI/OI/OI/OI/O
I/OI/OI/OI/OI/O
O/IO/IO/IO/IO/I
O/IO/IO/IO/IO/I
I/OI/OI/OI/OI/O
I/OI/OI/OI/O///
Case #93:
I/OI/OI/OI/OI/O
O/IO/IO/IO/IO/I
O/IO/IO/IO/IO/I
I/OI/OI/OI/OI/O
I/OI/OI/OI/OI/O
O/IO/IO/IO/IO/I
O/IO/IO/IO/IO/I
I/OI/OI/OI/OI/O
I/OI/OI/OI/OI/O
O/IO/IO/IO/IO/I
O/IO/IO/IO/IO/I
I/OI/OI/OI/OI/O
I/OI/OI/OI/OI/O
O/IO/IO/IO/IO/I
O/IO/IO/IO/IO/I
I/OI/OI/OI/OI/O
I/OI/OI/OI/OI/O
O/IO/IO/IO/IO/I
O/IO/IO/IO/IO/I
I/OI/OI/OI/OI/O
I/OI/OI/OI/OI/O
O/IO/IO/IO/IO/I
O/IO/IO/IO/IO/I
I/OI/OI/OI/OI/O
I/OI/OI/OI/OI/O
O/IO/IO/IO/IO/I
O/IO/IO/IO/IO/I
I/OI/OI/OI/OI/O
I/OI/OI/OI/OI/O
O/IO/IO/IO/IO/I
O/IO/IO/IO/IO/I
I/OI/OI/OI/OI/O
I/OI/OI/OI/OI/O
O/IO/IO/IO/IO/I
O/IO/IO/IO/IO/I
I/OI/OI/OI/OI/O
I/OI/OI/OI/OI/O
O/IO/IO/IO/IO/I
O/IO/IO/IO/IO/I
I/OI/OI/OI/OI/O
I/OI/OI/OI/OI/O
O/IO/IO/IO/IO/I
O/IO/IO/IO/IO/I
I/OI/OI/OI/OI/O
I/OI/OI/OI/OI/O
O/IO/IO/IO/IO/I
O/IO/IO/IO/IO/I
I/OI/OI/OI/OI/O
I/OI/OI/OI/OI/O
O/IO/IO/IO/IO/I
O/IO/IO/IO/IO/I
I/OI/OI/OI/OI/O
I/OI/OI/OI/OI/O
O/IO/IO/IO/IO/I
Case #94:
I/OI/OI/OI/OI/O
O/IO/IO/IO/IO/I
O/IO/IO/IO/IO/I
I/OI/OI/OI/OI/O
I/OI/OI/OI/OI/O
O/IO/IO/IO/IO/I
O/IO/IO/IO/IO/I
I/OI/OI/OI/OI/O
I/OI/OI/OI/OI/O
O/IO/IO/IO/IO/I
O/IO/IO/IO/IO/I
I/OI/OI/OI/OI/O
I/OI/OI/OI/O///
Case #95:
I/OI/OI/OI/OI/O
O/IO/IO/IO/IO/I
O/IO/IO/IO/IO/I
I/OI/OI/OI/OI/O
I/OI/OI/OI/OI/O
O/IO/IO/IO/IO/I
O/IO/IO/IO/IO/I
I/OI/OI/OI/OI/O
I/OI/OI/OI/OI/O
O/IO/IO/IO/IO/I
O/IO/IO/IO/IO/I
I/OI/OI/OI/OI/O
I/OI/OI/OI/OI/O
O/IO/IO/IO/IO/I
O/IO/IO/IO/IO/I
I/OI/OI/OI/OI/O
I/OI/OI/OI/OI/O
O/IO/IO/IO/IO/I
O/IO/IO/IO/IO/I
I/OI/OI/OI/OI/O
I/OI/OI/OI/OI/O
O/IO/IO/IO/IO/I
O/IO/IO/IO/IO/I
I/OI/OI/OI/OI/O
I/OI/OI/OI/OI/O
O/IO/IO/IO/IO/I
O/IO/IO/IO/IO/I
I/OI/OI/OI/OI/O
I/OI/OI/OI/OI/O
O/IO/IO/IO/IO/I
O/IO/IO/IO/IO/I
I/OI/OI/OI/OI/O
I/OI/OI/OI/OI/O
O/IO/IO/IO/IO/I
O/IO/IO/IO/IO/I
I/OI/OI/OI/OI/O
I/OI/OI/OI/OI/O
O/IO/IO/IO/IO/I
O/IO/IO/IO/IO/I
I/OI/OI/OI/OI/O
I/OI/OI/OI/OI/O
O/IO/IO/IO/IO/I
O/IO/IO/IO/IO/I
I/OI/OI/OI/OI/O
Case #96:
I/OI/OI/OI/OI/O
O/IO/IO/IO/IO/I
O/IO/IO/IO/IO/I
I/OI/OI/OI/OI/O
I/OI/OI/OI/OI/O
O/IO/IO/IO/IO/I
O/IO/IO/IO/IO/I
I/OI/OI/OI/OI/O
I/OI/OI/OI/OI/O
O/IO/IO/IO/IO/I
O/IO/IO/IO/IO/I
I/OI/OI/OI/OI/O
I/OI/OI/OI/OI/O
O/IO/IO/IO/IO/I
O/IO/IO/IO/IO/I
I/OI/OI/OI/OI/O
I/OI/OI/OI/OI/O
O/IO/IO/IO/IO/I
O/IO/IO/IO/IO/I
I/OI/OI/OI/OI/O
I/OI/OI/OI/OI/O
O/IO/IO/IO/IO/I
O/IO/IO/IO/IO/I
I/OI/OI/OI/OI/O
I/OI/OI/OI/OI/O
O/IO/IO/IO/IO/I
O/IO/IO/IO/IO/I
I/OI/OI/OI/OI/O
I/OI/OI/OI/OI/O
O/IO/IO/IO/IO/I
O/IO/IO/IO/IO/I
I/OI/OI/OI/OI/O
I/OI/OI/OI/OI/O
O/IO/IO/IO/IO/I
O/IO/IO/IO/IO/I
I/OI/OI/OI/OI/O
I/OI/OI/OI/OI/O
O/IO/IO/IO/IO/I
O/IO/IO/IO/IO/I
I/OI/OI/OI/OI/O
I/OI/OI/OI/OI/O
O/IO/IO/IO/IO/I
O/IO/IO/IO/IO/I
I/OI/OI/OI/OI/O
I/OI/OI/OI/OI/O
O/IO/IO/IO/IO/I
O/IO/IO/IO/IO/I
I/OI/OI/OI/OI/O
I/OI/OI/OI/OI/O
O/IO/IO/IO/IO/I
O/IO/IO/IO/IO/I
I/OI/OI/OI/OI/O
I/OI/OI/OI/OI/O
O/IO/IO/IO/IO/I
O/IO/IO/IO/IO/I
I/OI/OI/OI/OI/O
I/OI/O/////////
Case #97:
I/OI/OI/OI/OI/O
O/IO/IO/IO/IO/I
O/IO/IO/IO/IO/I
I/OI/OI/OI/OI/O
I/OI/OI/OI/OI/O
O/IO/IO/IO/IO/I
O/IO/IO/IO/IO/I
I/OI/OI/OI/OI/O
I/OI/OI/OI/OI/O
O/IO/IO/IO/IO/I
O/IO/IO/IO/IO/I
I/OI/OI/OI/OI/O
I/OI/OI/OI/OI/O
O/IO/IO/IO/IO/I
O/IO/IO/IO/IO/I
I/OI/O/////////
Case #98:
I/OI/OI/OI/OI/O
O/IO/IO/IO/IO/I
O/I////////////
Case #99:
I/OI/OI/OI/OI/O
O/IO/IO/IO/IO/I
O/IO/IO/IO/IO/I
I/OI/OI/OI/OI/O
I/OI/OI/OI/OI/O
O/IO/IO/IO/IO/I
O/IO/IO/IO/IO/I
I/OI/OI/OI/OI/O
I/OI/OI/OI/OI/O
O/IO/IO/IO/IO/I
O/IO/IO/IO/IO/I
I/OI/OI/OI/OI/O
I/OI/OI/OI/OI/O
O/IO/IO/IO/IO/I
O/IO/IO/IO/IO/I
I/OI/OI/OI/OI/O
I/OI/OI/OI/OI/O
O/IO/IO/IO/IO/I
O/IO/IO/IO/IO/I
I/OI/OI/OI/OI/O
I/OI/OI/OI/OI/O
O/IO/IO/IO/IO/I
O/IO/IO/IO/IO/I
I/OI/OI/OI/OI/O
I/OI/OI/OI/OI/O
O/IO/IO/IO/IO/I
O/IO/IO/IO/IO/I
I/OI/OI/OI/OI/O
I/OI/OI/OI/OI/O
O/IO/IO/IO/IO/I
O/IO/IO/IO/IO/I
I/OI/OI/OI/OI/O
I/OI/OI/OI/OI/O
O/IO/IO/IO/IO/I
O/IO/IO/IO/IO/I
I/OI/OI/OI/OI/O
I/OI/OI/OI/OI/O
O/IO/IO/IO/IO/I
O/IO/IO/IO/IO/I
I/OI/OI/OI/OI/O
I/OI/OI/OI/OI/O
O/IO/IO/IO/IO/I
O/IO/IO/IO/IO/I
I/OI/OI/OI/OI/O
I/OI/OI/OI/OI/O
O/IO/IO/IO/IO/I
O/IO/IO/IO/IO/I
I/OI/OI/OI/OI/O
I/OI/OI/OI/OI/O
O/IO/IO/IO/IO/I
O/IO/IO/IO/IO/I
I/OI/OI/OI/OI/O
I/OI/OI/OI/OI/O
O/IO/IO/IO/IO/I
O/IO/IO/IO/IO/I
I/OI/OI/OI/O///
Case #100:
I/OI/OI/OI/OI/O
O/IO/IO/IO/IO/I
O/IO/IO/IO/IO/I
I/OI/OI/OI/OI/O
I/OI/OI/OI/OI/O
O/IO/IO/IO/IO/I
O/IO/IO/IO/IO/I
I/OI/OI/OI/OI/O
I/OI/OI/OI/OI/O
O/IO/IO/IO/IO/I
O/IO/IO/IO/IO/I
I/OI/OI/OI/OI/O
I/OI/OI/OI/OI/O
O/IO/IO/I//////
