Case #1:
I/O/////////////////////////////////////////////
Case #2:
I
Case #3:
I/OI/OI/O///////////////////////////////////////
Case #4:
I/OI/OI/OI/OI/OI/OI/OI/O////////////////////////
Case #5:
I/OI/OI/OI/OI/OI/OI/OI/OI/OI/OI/OI/OI/OI/OI/OI/O
O/IO/IO/IO/IO/IO/IO/IO/IO/IO/IO/IO/IO/IO/IO/I///
Case #6:
I/OI/OI/OI/OI/OI/OI/OI/OI/OI/OI/OI/OI/OI/OI/OI/O
O/IO/IO/IO/IO/IO/IO/IO/IO/IO/IO/IO/IO/IO/IO/IO/I
O/IO/IO/IO/IO/IO/IO/IO/IO/IO/IO/IO/IO/IO/IO/IO/I
I/OI/OI/OI/OI/OI/OI/OI/OI/OI/OI/OI/OI/OI/OI/OI/O
I/OI/OI/OI/OI/OI/OI/OI/OI/OI/OI/OI/OI/OI/OI/OI/O
O/IO/IO/IO/IO/IO/IO/IO/IO/IO/IO/IO/IO/IO/IO/IO/I
O/IO/IO/IO/IO/IO/IO/I///////////////////////////
Case #7:
I/OI/O//////////////////////////////////////////
Case #8:
I/OI/OI/OI/OI/OI/OI/OI/OI/OI/OI/OI/OI/OI/OI/OI/O
O/IO/IO/IO/IO/IO/IO/IO/IO/IO/IO/IO/IO/IO/IO/IO/I
O/IO/IO/IO/IO/IO/IO/IO/IO/IO/IO/IO/IO/IO/IO/IO/I
I/OI/OI/OI/OI/OI/OI/OI/OI/OI/OI/OI/OI/OI/OI/OI/O
I/OI/OI/OI/OI/OI/OI/OI/OI/OI/OI/OI/OI/OI/OI/OI/O
O/IO/IO/IO/IO/IO/IO/IO/IO/IO/IO/IO/IO/IO/IO/IO/I
O/IO/IO/IO/IO/IO/IO/IO/IO/IO/IO/IO/IO/IO/IO/IO/I
I/OI/OI/OI/OI/OI/OI/OI/OI/OI/OI/OI/OI/OI/OI/OI/O
I/OI/OI/OI/OI/OI/OI/OI/OI/OI/OI/OI/OI/OI/OI/OI/O
O/IO/IO/IO/IO/IO/IO/IO/IO/IO/IO/IO/IO/IO/IO/IO/I
O/IO/IO/IO/IO/IO/IO/IO/IO/IO/IO/IO/IO/IO/IO/IO/I
I/OI/OI/OI/OI/OI/OI/OI/OI/OI/OI/OI/OI/OI/OI/OI/O
I/OI/OI/OI/OI/OI/OI/OI/OI/OI/OI/OI/OI/OI/OI/OI/O
O/IO/IO/IO/IO/IO/IO/IO/IO/IO/IO/IO/IO/IO/IO/IO/I
O/IO/IO/IO/IO/IO/IO/I///////////////////////////
Case #9:
I/OI/OI/OI/OI/OI/OI/OI/OI/OI/OI/OI/OI/OI/OI/OI/O
O/IO/IO/IO/IO/IO/IO/IO/IO/IO/IO/IO/IO/IO/IO/IO/I
O/IO/IO/IO/IO/IO/IO/IO/IO/IO/IO/IO/IO/IO/IO/IO/I
I/OI/OI/OI/OI/OI/OI/OI/OI/OI/OI/OI/OI/OI/OI/OI/O
I/OI/OI/OI/OI/OI/OI/OI/OI/OI/OI/OI/OI/OI/OI/OI/O
O/IO/IO/IO/IO/IO/IO/IO/IO/IO/IO/IO/IO/IO/IO/IO/I
O/IO/IO/IO/IO/IO/IO/IO/IO/IO/IO/IO/IO/IO/IO/IO/I
I/OI/OI/OI/OI/OI/OI/OI/OI/OI/OI/OI/O////////////
Case #10:
I/OI/OI/OI/OI/OI/OI/OI/OI/OI/OI/OI/OI/OI/OI/OI/O
O/IO/IO/IO/IO/IO/IO/IO/IO/IO/IO/IO/IO/IO/IO/IO/I
O/IO/IO/IO/IO/IO/IO/IO/IO/IO/IO/IO/IO/IO/IO/IO/I
I/OI/OI/OI/OI/OI/OI/OI/OI/OI/OI/OI/OI/OI/OI/OI/O
I/OI/OI/OI/OI/OI/OI/OI/OI/OI/OI/OI/OI/OI/OI/OI/O
O/IO/IO/IO/IO/IO/IO/IO/IO/IO/IO/IO/IO/IO/IO/IO/I
O/IO/IO/IO/IO/IO/IO/IO/IO/IO/IO/IO/IO/IO/IO/IO/I
I/OI/OI/OI/OI/OI/OI/OI/OI/OI/OI/OI/OI/OI/OI/OI/O
I/OI/OI/OI/OI/OI/OI/OI/OI/OI/OI/OI/OI/OI/OI/OI/O
O/IO/IO/IO/IO/IO/IO/IO/IO/IO/IO/IO/IO/IO/IO/IO/I
O/IO/IO/IO/IO/IO/IO/IO/IO/IO/IO/IO/IO/IO/IO/IO/I
I/OI/OI/O///////////////////////////////////////
Case #11:
I/OI/OI/OI/OI/OI/OI/OI/OI/OI/OI/OI/OI/OI/OI/OI/O
O/IO/IO/IO/IO/IO/IO/IO/IO/IO/IO/IO/IO/IO/IO/IO/I
O/IO/IO/IO/IO/IO/IO/IO/IO/IO/IO/IO/IO/IO/IO/IO/I
I/OI/OI/OI/OI/OI/OI/OI/OI/OI/OI/OI/OI/OI/OI/OI/O
I/OI/OI/OI/OI/OI/OI/OI/OI/OI/OI/OI/OI/OI/OI/OI/O
O/IO/IO/IO/IO/IO/IO/IO/IO/IO/IO/IO/IO/IO/IO/IO/I
O/IO/IO/IO/IO/IO/IO/IO/IO/IO/IO/IO/IO/IO/IO/IO/I
I/OI/OI/OI/OI/OI/OI/OI/OI/OI/OI/OI/OI/OI/OI/OI/O
I/OI/OI/OI/OI/OI/OI/OI/OI/OI/OI/OI/OI/OI/OI/OI/O
O/IO/IO/IO/IO/IO/IO/IO/IO/IO/IO/IO/IO/IO/IO/IO/I
O/IO/IO/IO/IO/IO/IO/IO/IO/IO/IO/IO/IO/IO/IO/IO/I
I/OI/OI/OI/OI/OI/OI/OI/OI/OI/OI/OI/OI/OI/OI/OI/O
I/OI/OI/OI/OI/OI/OI/OI/OI/OI/OI/OI/OI/OI/OI/OI/O
O/IO/IO/IO/IO/IO/IO/IO/IO/IO/IO/IO/IO/IO/IO/IO/I
O/IO/IO/IO/IO/IO/IO/IO/IO/IO/IO/IO/IO/IO/IO/IO/I
I/OI/OI/OI/OI/OI/OI/OI/OI/OI/OI/OI/OI/OI/OI/OI/O
I/OI/OI/OI/OI/OI/OI/OI/OI/OI/OI/OI/OI/OI/OI/OI/O
O/IO/IO/IO/IO/IO/IO/IO/IO/IO/IO/IO/IO/IO/I//////
Case #12:
I/OI/OI/OI/OI/OI/OI/OI/OI/OI/OI/OI/OI/OI/OI/OI/O
O/IO/IO/IO/IO/IO/IO/IO/IO/IO/IO/IO/IO/IO/IO/IO/I
O/IO/IO/IO/IO/IO/IO/IO/IO/IO/IO/IO/IO/IO/IO/IO/I
I/OI/OI/OI/OI/OI/OI/OI/OI/OI/OI/OI/OI/OI/OI/OI/O
I/OI/OI/OI/OI/OI/OI/OI/O////////////////////////
Case #13:
I/OI/OI/OI/OI/OI/OI/OI/OI/OI/OI/OI/OI/OI/OI/OI/O
O/IO/IO/IO/IO/IO/IO/IO/IO/IO/IO/IO/IO/IO/IO/IO/I
O/IO/IO/IO/IO/IO/IO/IO/IO/IO/IO/IO/IO/IO/IO/IO/I
I/OI/OI/OI/OI/OI/OI/OI/OI/OI/OI/OI/OI/OI/OI/OI/O
I/OI/OI/OI/OI/OI/OI/OI/OI/OI/OI/OI/OI/OI/OI/OI/O
O/IO/IO/IO/IO/IO/IO/IO/IO/IO/IO/IO/IO/IO/IO/IO/I
O/IO/IO/IO/IO/IO/IO/IO/IO/IO/IO/IO/IO/IO/IO/IO/I
I/OI/OI/OI/OI/OI/OI/OI/OI/OI/OI/OI/OI/OI/OI/OI/O
I/OI/OI/OI/OI/OI/OI/OI/OI/OI/OI/OI/OI/OI/OI/OI/O
O/IO/IO/IO/IO/IO/IO/IO/IO/IO/IO/IO/IO/IO/IO/IO/I
O/IO/IO/IO/IO/IO/IO/IO/IO/IO/IO/IO/IO/IO/IO/IO/I
I/OI/OI/OI/OI/OI/OI/OI/OI/OI/OI/OI/OI/OI/OI/OI/O
I/OI/OI/OI/OI/OI/OI/OI/OI/OI/OI/OI/OI/OI/OI/OI/O
O/IO/IO/IO/IO/IO/IO/IO/IO/IO/IO/IO/IO/IO/IO/IO/I
O/IO/IO/IO/IO/IO/IO/IO/IO/IO/IO/IO/IO/IO/IO/IO/I
I/OI/OI/OI/OI/OI/OI/OI/OI/OI/OI/OI/OI/OI/OI/OI/O
I/OI/OI/OI/OI/OI/OI/OI/OI/OI/OI/OI/OI/OI/OI/OI/O
O/IO/IO/IO/IO/IO/IO/IO/IO/IO/IO/IO/IO/I/////////
Case #14:
I/OI/OI/OI/OI/OI/OI/OI/OI/OI/OI/OI/OI/OI/OI/OI/O
O/IO/IO/IO/IO/IO/IO/IO/IO/IO/IO/IO/IO/IO/IO/IO/I
O/IO/IO/IO/IO/IO/IO/IO/IO/IO/IO/IO/IO/IO/IO/IO/I
I/OI/OI/OI/OI/OI/OI/OI/OI/OI/OI/OI/OI/OI/OI/OI/O
I/OI/OI/OI/OI/OI/OI/OI/OI/OI/OI/OI/OI/OI/OI/OI/O
O/IO/IO/IO/IO/IO/I//////////////////////////////
Case #15:
I/OI/OI/OI/OI/OI/OI/OI/OI/OI/OI/OI/OI/OI/OI/OI/O
O/IO/IO/IO/IO/IO/IO/IO/IO/IO/IO/IO/IO/IO/IO/IO/I
O/IO/IO/IO/IO/IO/IO/IO/IO/IO/IO/IO/IO/IO/IO/IO/I
I/OI/OI/OI/OI/OI/OI/OI/OI/OI/OI/OI/OI/OI/OI/OI/O
I/OI/OI/OI/OI/OI/OI/OI/OI/OI/OI/OI/OI/OI/OI/OI/O
O/IO/IO/IO/IO/IO/IO/IO/IO/IO/IO/IO/IO/IO/IO/IO/I
O/IO/IO/IO/IO/IO/IO/IO/IO/IO/IO/IO/IO/IO/IO/IO/I
I/OI/OI/OI/OI/OI/OI/OI/OI/OI/OI/OI/OI/O/////////
Case #16:
I/OI/OI/OI/OI/OI/OI/OI/OI/OI/OI/OI/OI/OI/OI/OI/O
O/IO/IO/IO/IO/I/////////////////////////////////
Case #17:
I/OI/OI/OI/OI/OI/OI/OI/OI/OI/OI/OI/OI/OI/OI/OI/O
O/IO/IO/IO/IO/IO/IO/IO/IO/IO/IO/IO/IO/IO/IO/IO/I
O/IO/IO/IO/IO/IO/IO/IO/IO/IO/IO/IO/IO/IO/IO/IO/I
I/OI/OI/OI/OI/OI/OI/OI/OI/OI/OI/OI/OI/OI/OI/OI/O
I/OI/OI/OI/OI/OI/OI/OI/OI/OI/OI/OI/OI/OI/OI/OI/O
O/IO/IO/IO/IO/IO/IO/IO/IO/IO/IO/IO/IO/IO/IO/IO/I
O/IO/IO/IO/IO/IO/IO/IO/IO/IO/IO/IO/IO/IO/IO/IO/I
I/OI/OI/OI/OI/OI/OI/OI/OI/OI/OI/OI/OI/OI/OI/OI/O
I/OI/OI/OI/OI/OI/OI/OI/OI/OI/OI/OI/OI/OI/OI/OI/O
O/IO/IO/IO/IO/IO/IO/IO/IO/IO/IO/IO/IO/IO/IO/IO/I
O/IO/IO/IO/IO/IO/IO/IO/IO/IO/IO/IO/IO/IO/IO/IO/I
I/OI/OI/OI/OI/OI/OI/OI/OI/OI/OI/OI/OI/OI/OI/OI/O
I/OI/OI/OI/OI/OI/OI/OI/OI/OI/OI/OI/OI/OI/OI/OI/O
O/IO/IO/IO/IO/IO/IO/IO/IO/IO/IO/IO/IO/IO/IO/IO/I
O/IO/IO/IO/IO/IO/IO/IO/IO/IO/IO/IO/IO/IO/IO/IO/I
I/OI/OI/OI/OI/OI/OI/OI/OI/OI/OI/OI/OI/OI/OI/OI/O
I/OI/OI/OI/OI/OI/OI/OI/OI/OI/OI/OI/OI/OI/OI/OI/O
O/IO/IO/IO/IO/IO/IO/IO/IO/IO/IO/IO/I////////////
Case #18:
I/OI/OI/OI/OI/OI/OI/OI/OI/OI/OI/OI/OI/OI/OI/OI/O
O/IO/IO/IO/IO/IO/IO/IO/IO/IO/IO/IO/IO/IO/IO/IO/I
O/IO/IO/IO/IO/IO/IO/IO/IO/IO/IO/IO/IO/IO/IO/IO/I
I/OI/OI/OI/OI/OI/OI/OI/OI/OI/OI/OI/OI/OI/OI/OI/O
I/OI/OI/OI/OI/OI/OI/OI/OI/OI/OI/OI/OI/OI/OI/OI/O
O/IO/IO/IO/IO/IO/IO/IO/IO/IO/IO/IO/IO/IO/IO/IO/I
O/IO/IO/IO/IO/IO/IO/IO/IO/IO/IO/IO/IO/IO/IO/IO/I
I/OI/OI/OI/OI/OI/OI/OI/OI/OI/OI/OI/OI/OI/OI/OI/O
I/OI/OI/OI/OI/OI/OI/OI/OI/OI/OI/OI/OI/OI/OI/OI/O
O/IO/IO/IO/IO/IO/IO/IO/IO/IO/IO/IO/IO/IO/IO/IO/I
O/IO/IO/IO/IO/IO/IO/IO/IO/IO/IO/IO/IO/IO/IO/IO/I
I/OI/OI/OI/OI/OI/OI/OI/OI/OI/OI/OI/OI/OI/OI/OI/O
I/OI/OI/OI/OI/OI/OI/OI/OI/OI/OI/OI/OI/OI/OI/OI/O
O/IO/IO/IO/IO/IO/IO/IO/IO/IO/IO/IO/IO/IO/IO/IO/I
O/IO/IO/IO/IO/IO/IO/IO/IO/IO/IO/IO/IO/IO/IO/IO/I
I/OI/OI/OI/OI/OI/OI/OI/OI/OI/OI/OI/OI/OI/OI/OI/O
I/OI/OI/OI/OI/OI/OI/OI/OI/OI/OI/OI/OI/OI/OI/OI/O
O/IO/IO/IO/IO/IO/IO/IO/IO/IO/IO/IO/IO/IO/IO/I///
Case #19:
I/OI/OI/OI/OI/OI/OI/OI/OI/OI/OI/OI/OI/OI/OI/OI/O
O/IO/IO/IO/IO/IO/IO/IO/IO/IO/IO/IO/IO/IO/IO/IO/I
O/IO/IO/IO/IO/IO/IO/IO/IO/IO/IO/IO/IO/IO/IO/IO/I
I/OI/OI/OI/OI/OI/OI/OI/OI/OI/OI/OI/OI/OI/OI/OI/O
I/OI/OI/OI/OI/OI/OI/OI/OI/OI/OI/OI/OI/OI/OI/OI/O
O/IO/IO/IO/IO/IO/IO/IO/IO/IO/IO/IO/IO/IO/IO/IO/I
O/IO/IO/IO/IO/IO/IO/IO/IO/IO/IO/IO/IO/IO/IO/IO/I
I/OI/OI/OI/OI/OI/OI/OI/OI/OI/OI/OI/OI/OI/OI/OI/O
I/OI/OI/OI/OI/OI/OI/OI/OI/OI/OI/OI/OI/OI/OI/OI/O
O/IO/IO/IO/IO/IO/IO/IO/IO/I/////////////////////
Case #20:
I/OI/OI/OI/O////////////////////////////////////
Case #21:
I/OI/OI/OI/OI/OI/OI/OI/OI/OI/OI/OI/OI/OI/OI/OI/O
O/IO/IO/IO/IO/IO/IO/IO/IO/IO/IO/IO/IO/IO/IO/IO/I
O/IO/IO/IO/IO/IO/IO/IO/IO/IO/IO/IO/IO/IO/IO/IO/I
I/OI/OI/OI/OI/OI/OI/OI/OI/OI/OI/OI/OI/OI/OI/OI/O
I/OI/OI/OI/OI/OI/OI/OI/OI/OI/OI/OI/OI/OI/OI/OI/O
O/IO/IO/IO/IO/IO/IO/IO/IO/IO/IO/IO/IO/IO/IO/IO/I
O/IO/IO/IO/IO/IO/IO/IO/IO/IO/IO/IO/IO/IO/IO/IO/I
I/OI/OI/OI/OI/OI/OI/OI/OI/OI/OI/OI/OI/OI/OI/OI/O
I/OI/OI/OI/OI/OI/OI/OI/OI/OI/OI/OI/OI/OI/OI/OI/O
O/IO/IO/IO/IO/IO/IO/IO/IO/IO/IO/IO/IO/IO/IO/IO/I
O/IO/IO/IO/IO/IO/IO/IO/IO/IO/IO/IO/IO/IO/IO/IO/I
I/OI/OI/OI/OI/OI/OI/OI/OI/OI/OI/OI/OI/OI/OI/OI/O
I/OI/OI/OI/OI/OI/OI/OI/OI/OI/OI/OI/OI/OI/OI/OI/O
O/IO/IO/IO/IO/IO/IO/IO/IO/IO/IO/IO/IO/IO/IO/IO/I
O/IO/IO/IO/IO/IO/IO/IO/IO/IO/IO/IO/IO/IO/IO/IO/I
I/OI/OI/OI/OI/OI/OI/OI/OI/OI/OI/OI/OI/OI/OI/OI/O
I/OI/OI/OI/OI/OI/OI/OI/OI/OI/OI/OI/OI/OI/OI/OI/O
O/IO/IO/IO/IO/IO/IO/IO/IO/IO/IO/I///////////////
Case #22:
I/OI/OI/OI/OI/OI/OI/OI/OI/OI/OI/OI/OI/OI/OI/OI/O
O/IO/IO/IO/I////////////////////////////////////
Case #23:
I/OI/OI/OI/OI/OI/OI/OI/OI/OI/OI/OI/OI/OI/OI/OI/O
O/IO/IO/IO/IO/IO/IO/IO/IO/IO/IO/IO/IO/IO/IO/IO/I
O/IO/IO/IO/IO/IO/IO/IO/IO/IO/IO/IO/IO/IO/IO/IO/I
I/OI/OI/OI/OI/OI/OI/OI/OI/OI/OI/OI/OI/OI/OI/OI/O
I/OI/OI/OI/OI/OI/OI/OI/OI/OI/OI/OI/O////////////
Case #24:
I/OI/OI/OI/OI/OI/OI/OI/OI/OI/OI/OI/OI/OI/OI/OI/O
O/IO/IO/IO/IO/IO/IO/IO/IO/IO/IO/IO/IO/IO/IO/IO/I
O/IO/IO/IO/IO/IO/IO/IO/IO/IO/IO/IO/IO/IO/IO/IO/I
I/OI/OI/OI/OI/OI/OI/OI/OI/OI/OI/OI/OI/OI/OI/OI/O
I/OI/OI/OI/OI/OI/OI/OI/OI/OI/OI/OI/OI/OI/OI/OI/O
O/IO/IO/IO/IO/IO/IO/IO/IO/IO/IO/IO/IO/IO/IO/IO/I
O/IO/IO/IO/IO/IO/IO/IO/IO/IO/IO/IO/IO/IO/IO/IO/I
I/OI/OI/OI/OI/OI/OI/OI/OI/OI/OI/OI/OI/OI/OI/OI/O
I/OI/OI/OI/OI/OI/OI/OI/OI/OI/OI/OI/OI/OI/OI/OI/O
O/IO/IO/IO/IO/IO/IO/IO/IO/IO/IO/IO/IO/IO/IO/IO/I
O/IO/IO/IO/IO/IO/IO/IO/IO/IO/IO/IO/IO/IO/IO/IO/I
I/OI/OI/OI/OI/OI/OI/OI/OI/OI/OI/OI/OI/OI/OI/OI/O
I/OI/OI/OI/OI/OI/OI/OI/OI/OI/OI/OI/OI/OI/OI/OI/O
O/IO/IO/IO/IO/IO/IO/IO/IO/IO/IO/IO/IO/IO/IO/IO/I
O/IO/IO/IO/IO/IO/IO/IO/IO/IO/IO/IO/IO/IO/IO/IO/I
I/OI/OI/OI/OI/OI/OI/OI/OI/OI/OI/OI/OI/OI/OI/OI/O
I/OI/OI/OI/OI/OI/OI/OI/OI/OI/OI/O///////////////
Case #25:
I/OI/OI/OI/OI/OI/OI/OI/OI/OI/OI/OI/OI/OI/OI/OI/O
O/IO/IO/IO/IO/IO/IO/IO/IO/IO/IO/IO/IO/IO/IO/IO/I
O/IO/IO/IO/IO/IO/IO/IO/IO/IO/IO/IO/IO/IO/IO/IO/I
I/OI/OI/OI/OI/OI/OI/OI/OI/OI/OI/OI/OI/OI/OI/OI/O
I/OI/OI/OI/OI/OI/OI/OI/OI/OI/OI/OI/OI/OI/OI/OI/O
O/IO/IO/IO/IO/IO/IO/IO/IO/IO/IO/IO/IO/IO/IO/IO/I
O/IO/IO/IO/IO/IO/IO/IO/IO/IO/IO/IO/IO/IO/IO/IO/I
I/OI/OI/OI/OI/OI/OI/OI/OI/OI/OI/OI/OI/OI/OI/OI/O
I/OI/OI/OI/OI/OI/OI/OI/OI/OI/OI/OI/OI/OI/OI/OI/O
O/IO/IO/IO/IO/IO/IO/IO/IO/IO/IO/IO/IO/IO/IO/IO/I
O/IO/IO/IO/IO/IO/IO/IO/IO/IO/IO/IO/IO/IO/IO/IO/I
I/OI/OI/OI/OI/OI/OI/OI/OI/OI/OI/OI/OI/OI/OI/OI/O
I/OI/OI/OI/OI/OI/OI/OI/OI/OI/OI/OI/OI/OI/OI/OI/O
O/IO/IO/IO/IO/IO/IO/IO/IO/IO/IO/IO/IO/IO/IO/IO/I
O/IO/IO/IO/IO/IO/IO/IO/IO/IO/IO/IO/IO/IO/IO/IO/I
I/OI/OI/OI/OI/OI/OI/OI/OI/OI/OI/OI/OI/OI/OI/OI/O
I/OI/OI/OI/OI/OI/OI/OI/OI/OI/OI/OI/OI/O/////////
